{"level":"info","message":"Hello from Acquisitions!","service":"acquisitions-api","timestamp":"2025-09-27T10:33:08.215Z"}
{"level":"info","message":"::ffff:127.0.0.1 - - [27/Sep/2025:10:33:08 +0000] \"GET / HTTP/1.1\" 304 - \"-\" \"Mozilla/5.0 (Windows NT 10.0; Win64; x64; rv:143.0) Gecko/20100101 Firefox/143.0\"","service":"acquisitions-api","timestamp":"2025-09-27T10:33:08.224Z"}
{"level":"info","message":"Hello from Acquisitions!","service":"acquisitions-api","timestamp":"2025-09-27T11:22:38.147Z"}
{"level":"info","message":"::ffff:127.0.0.1 - - [27/Sep/2025:11:22:38 +0000] \"GET / HTTP/1.1\" 200 23 \"-\" \"Mozilla/5.0 (Windows NT 10.0; Win64; x64; rv:143.0) Gecko/20100101 Firefox/143.0\"","service":"acquisitions-api","timestamp":"2025-09-27T11:22:38.159Z"}
{"level":"info","message":"::ffff:127.0.0.1 - - [27/Sep/2025:11:22:38 +0000] \"GET /favicon.ico HTTP/1.1\" 404 150 \"-\" \"Mozilla/5.0 (Windows NT 10.0; Win64; x64; rv:143.0) Gecko/20100101 Firefox/143.0\"","service":"acquisitions-api","timestamp":"2025-09-27T11:22:38.359Z"}
{"level":"info","message":"Hello from Acquisitions!","service":"acquisitions-api","timestamp":"2025-09-27T11:27:41.607Z"}
{"level":"info","message":"::ffff:127.0.0.1 - - [27/Sep/2025:11:27:41 +0000] \"GET / HTTP/1.1\" 304 - \"-\" \"Mozilla/5.0 (Windows NT 10.0; Win64; x64; rv:143.0) Gecko/20100101 Firefox/143.0\"","service":"acquisitions-api","timestamp":"2025-09-27T11:27:41.610Z"}
{"level":"info","message":"Hello from Acquisitions!","service":"acquisitions-api","timestamp":"2025-09-27T11:27:56.858Z"}
{"level":"info","message":"::1 - - [27/Sep/2025:11:27:56 +0000] \"GET / HTTP/1.1\" 200 23 \"-\" \"HTTPie\"","service":"acquisitions-api","timestamp":"2025-09-27T11:27:56.860Z"}
{"level":"info","message":"::1 - - [27/Sep/2025:11:29:06 +0000] \"GET /api HTTP/1.1\" 200 41 \"-\" \"HTTPie\"","service":"acquisitions-api","timestamp":"2025-09-27T11:29:06.394Z"}
{"level":"info","message":"::1 - - [27/Sep/2025:11:29:33 +0000] \"GET /health HTTP/1.1\" 200 75 \"-\" \"HTTPie\"","service":"acquisitions-api","timestamp":"2025-09-27T11:29:33.495Z"}
{"level":"info","message":"::1 - - [27/Sep/2025:11:30:00 +0000] \"POST /api/auth/sign-in HTTP/1.1\" 200 31 \"-\" \"HTTPie\"","service":"acquisitions-api","timestamp":"2025-09-27T11:30:00.847Z"}
{"level":"info","message":"::1 - - [27/Sep/2025:12:41:30 +0000] \"POST /api/auth/sign-up HTTP/1.1\" 200 31 \"-\" \"HTTPie\"","service":"acquisitions-api","timestamp":"2025-09-27T12:41:30.899Z"}
{"level":"info","message":"::1 - - [27/Sep/2025:12:42:27 +0000] \"POST /api/auth/sign-up HTTP/1.1\" 400 92 \"-\" \"HTTPie\"","service":"acquisitions-api","timestamp":"2025-09-27T12:42:27.067Z"}
{"level":"info","message":"User Registered Successfully: contact@jsmastery.com","service":"acquisitions-api","timestamp":"2025-09-27T12:45:53.780Z"}
{"level":"info","message":"::1 - - [27/Sep/2025:12:45:53 +0000] \"POST /api/auth/sign-up HTTP/1.1\" 201 110 \"-\" \"HTTPie\"","service":"acquisitions-api","timestamp":"2025-09-27T12:45:53.788Z"}
{"level":"info","message":"User Registered Successfully: contact@jsmastery.com","service":"acquisitions-api","timestamp":"2025-09-27T12:46:48.558Z"}
{"level":"info","message":"::1 - - [27/Sep/2025:12:46:48 +0000] \"POST /api/auth/sign-up HTTP/1.1\" 201 110 \"-\" \"HTTPie\"","service":"acquisitions-api","timestamp":"2025-09-27T12:46:48.567Z"}
{"level":"info","message":"User Registered Successfully: contact@jsmastery.com","service":"acquisitions-api","timestamp":"2025-09-28T13:38:28.703Z"}
{"level":"info","message":"::1 - - [28/Sep/2025:13:38:28 +0000] \"POST /api/auth/sign-up HTTP/1.1\" 201 110 \"-\" \"HTTPie\"","service":"acquisitions-api","timestamp":"2025-09-28T13:38:28.716Z"}
{"level":"info","message":"User Registered Successfully: contact@jsmastery.com","service":"acquisitions-api","timestamp":"2025-09-28T13:38:37.711Z"}
{"level":"info","message":"::1 - - [28/Sep/2025:13:38:37 +0000] \"POST /api/auth/sign-up HTTP/1.1\" 201 110 \"-\" \"HTTPie\"","service":"acquisitions-api","timestamp":"2025-09-28T13:38:37.725Z"}
{"level":"info","message":"::1 - - [28/Sep/2025:14:08:38 +0000] \"POST /api/auth/sign-up HTTP/1.1\" 400 81 \"-\" \"HTTPie\"","service":"acquisitions-api","timestamp":"2025-09-28T14:08:38.868Z"}
{"level":"info","message":"::1 - - [28/Sep/2025:14:08:47 +0000] \"POST /api/auth/sign-up HTTP/1.1\" 400 81 \"-\" \"HTTPie\"","service":"acquisitions-api","timestamp":"2025-09-28T14:08:47.046Z"}
{"level":"error","message":"Error creating the user: Error: Failed query: insert into \"users\" (\"id\", \"name\", \"email\", \"password\", \"role\", \"created_at\", \"updated_at\") values (default, $1, $2, default, $3, default, default) returning \"id\", \"name\", \"email\", \"role\", \"created_at\"\nparams: jsmastery,contact@jsmastery.com,user","service":"acquisitions-api","timestamp":"2025-09-28T14:09:36.282Z"}
{"cause":{"name":"NeonDbError","sourceError":{}},"level":"error","message":"Signup error Failed query: insert into \"users\" (\"id\", \"name\", \"email\", \"password\", \"role\", \"created_at\", \"updated_at\") values (default, $1, $2, default, $3, default, default) returning \"id\", \"name\", \"email\", \"role\", \"created_at\"\nparams: jsmastery,contact@jsmastery.com,user","params":["jsmastery","contact@jsmastery.com","user"],"query":"insert into \"users\" (\"id\", \"name\", \"email\", \"password\", \"role\", \"created_at\", \"updated_at\") values (default, $1, $2, default, $3, default, default) returning \"id\", \"name\", \"email\", \"role\", \"created_at\"","service":"acquisitions-api","stack":"Error: Failed query: insert into \"users\" (\"id\", \"name\", \"email\", \"password\", \"role\", \"created_at\", \"updated_at\") values (default, $1, $2, default, $3, default, default) returning \"id\", \"name\", \"email\", \"role\", \"created_at\"\nparams: jsmastery,contact@jsmastery.com,user\n    at NeonHttpPreparedQuery.queryWithCache (file:///D:/Web%20Development/Docker_course/acquisitions/node_modules/drizzle-orm/pg-core/session.js:41:15)\n    at process.processTicksAndRejections (node:internal/process/task_queues:105:5)\n    at async NeonHttpPreparedQuery.execute (file:///D:/Web%20Development/Docker_course/acquisitions/node_modules/drizzle-orm/neon-http/session.js:45:20)\n    at async createUser (file:///D:/Web%20Development/Docker_course/acquisitions/src/services/auth.service.js:25:27)\n    at async signup (file:///D:/Web%20Development/Docker_course/acquisitions/src/controllers/auth.controller.js:24:22)","timestamp":"2025-09-28T14:09:36.284Z"}
{"level":"info","message":"::1 - - [28/Sep/2025:14:09:36 +0000] \"POST /api/auth/sign-up HTTP/1.1\" 500 1216 \"-\" \"HTTPie\"","service":"acquisitions-api","timestamp":"2025-09-28T14:09:36.287Z"}
{"level":"error","message":"Error creating the user: Error: Failed query: insert into \"users\" (\"id\", \"name\", \"email\", \"password\", \"role\", \"created_at\", \"updated_at\") values (default, $1, $2, default, $3, default, default) returning \"id\", \"name\", \"email\", \"role\", \"created_at\"\nparams: jsmastery,contact@jsmastery.com,user","service":"acquisitions-api","timestamp":"2025-09-28T14:10:12.871Z"}
{"cause":{"name":"NeonDbError","sourceError":{}},"level":"error","message":"Signup error Failed query: insert into \"users\" (\"id\", \"name\", \"email\", \"password\", \"role\", \"created_at\", \"updated_at\") values (default, $1, $2, default, $3, default, default) returning \"id\", \"name\", \"email\", \"role\", \"created_at\"\nparams: jsmastery,contact@jsmastery.com,user","params":["jsmastery","contact@jsmastery.com","user"],"query":"insert into \"users\" (\"id\", \"name\", \"email\", \"password\", \"role\", \"created_at\", \"updated_at\") values (default, $1, $2, default, $3, default, default) returning \"id\", \"name\", \"email\", \"role\", \"created_at\"","service":"acquisitions-api","stack":"Error: Failed query: insert into \"users\" (\"id\", \"name\", \"email\", \"password\", \"role\", \"created_at\", \"updated_at\") values (default, $1, $2, default, $3, default, default) returning \"id\", \"name\", \"email\", \"role\", \"created_at\"\nparams: jsmastery,contact@jsmastery.com,user\n    at NeonHttpPreparedQuery.queryWithCache (file:///D:/Web%20Development/Docker_course/acquisitions/node_modules/drizzle-orm/pg-core/session.js:41:15)\n    at process.processTicksAndRejections (node:internal/process/task_queues:105:5)\n    at async NeonHttpPreparedQuery.execute (file:///D:/Web%20Development/Docker_course/acquisitions/node_modules/drizzle-orm/neon-http/session.js:45:20)\n    at async createUser (file:///D:/Web%20Development/Docker_course/acquisitions/src/services/auth.service.js:25:27)\n    at async signup (file:///D:/Web%20Development/Docker_course/acquisitions/src/controllers/auth.controller.js:24:22)","timestamp":"2025-09-28T14:10:12.878Z"}
{"level":"info","message":"::1 - - [28/Sep/2025:14:10:12 +0000] \"POST /api/auth/sign-up HTTP/1.1\" 500 1216 \"-\" \"HTTPie\"","service":"acquisitions-api","timestamp":"2025-09-28T14:10:12.884Z"}
{"level":"info","message":"::1 - - [28/Sep/2025:14:12:49 +0000] \"POST /api/auth/sign-up HTTP/1.1\" 400 81 \"-\" \"HTTPie\"","service":"acquisitions-api","timestamp":"2025-09-28T14:12:49.704Z"}
{"level":"info","message":"::1 - - [28/Sep/2025:14:12:50 +0000] \"POST /api/auth/sign-up HTTP/1.1\" 400 81 \"-\" \"HTTPie\"","service":"acquisitions-api","timestamp":"2025-09-28T14:12:50.911Z"}
{"level":"error","message":"Error creating the user: Error: Failed query: insert into \"users\" (\"id\", \"name\", \"email\", \"password\", \"role\", \"created_at\", \"updated_at\") values (default, $1, $2, default, $3, default, default) returning \"id\", \"name\", \"email\", \"role\", \"created_at\"\nparams: jsmastery,contact@jsmastery.com,user","service":"acquisitions-api","timestamp":"2025-09-28T14:12:59.755Z"}
{"cause":{"code":"23502","column":"password","detail":"Failing row contains (1, jsmastery, contact@jsmastery.com, null, user, 2025-09-28 14:12:59.809845, 2025-09-28 14:12:59.809845).","file":"execMain.c","line":"1997","name":"NeonDbError","routine":"ExecConstraints","schema":"public","severity":"ERROR","table":"users"},"level":"error","message":"Signup error Failed query: insert into \"users\" (\"id\", \"name\", \"email\", \"password\", \"role\", \"created_at\", \"updated_at\") values (default, $1, $2, default, $3, default, default) returning \"id\", \"name\", \"email\", \"role\", \"created_at\"\nparams: jsmastery,contact@jsmastery.com,user","params":["jsmastery","contact@jsmastery.com","user"],"query":"insert into \"users\" (\"id\", \"name\", \"email\", \"password\", \"role\", \"created_at\", \"updated_at\") values (default, $1, $2, default, $3, default, default) returning \"id\", \"name\", \"email\", \"role\", \"created_at\"","service":"acquisitions-api","stack":"Error: Failed query: insert into \"users\" (\"id\", \"name\", \"email\", \"password\", \"role\", \"created_at\", \"updated_at\") values (default, $1, $2, default, $3, default, default) returning \"id\", \"name\", \"email\", \"role\", \"created_at\"\nparams: jsmastery,contact@jsmastery.com,user\n    at NeonHttpPreparedQuery.queryWithCache (file:///D:/Web%20Development/Docker_course/acquisitions/node_modules/drizzle-orm/pg-core/session.js:41:15)\n    at process.processTicksAndRejections (node:internal/process/task_queues:105:5)\n    at async NeonHttpPreparedQuery.execute (file:///D:/Web%20Development/Docker_course/acquisitions/node_modules/drizzle-orm/neon-http/session.js:45:20)\n    at async createUser (file:///D:/Web%20Development/Docker_course/acquisitions/src/services/auth.service.js:25:27)\n    at async signup (file:///D:/Web%20Development/Docker_course/acquisitions/src/controllers/auth.controller.js:24:22)","timestamp":"2025-09-28T14:12:59.756Z"}
{"level":"info","message":"::1 - - [28/Sep/2025:14:12:59 +0000] \"POST /api/auth/sign-up HTTP/1.1\" 500 1216 \"-\" \"HTTPie\"","service":"acquisitions-api","timestamp":"2025-09-28T14:12:59.759Z"}
{"level":"error","message":"Error creating the user: Error: Failed query: insert into \"users\" (\"id\", \"name\", \"email\", \"password\", \"role\", \"created_at\", \"updated_at\") values (default, $1, $2, default, $3, default, default) returning \"id\", \"name\", \"email\", \"role\", \"created_at\"\nparams: jsmastery,contact@jsmastery.com,user","service":"acquisitions-api","timestamp":"2025-09-28T14:15:26.300Z"}
{"cause":{"code":"23502","column":"password","detail":"Failing row contains (2, jsmastery, contact@jsmastery.com, null, user, 2025-09-28 14:15:26.390325, 2025-09-28 14:15:26.390325).","file":"execMain.c","line":"1997","name":"NeonDbError","routine":"ExecConstraints","schema":"public","severity":"ERROR","table":"users"},"level":"error","message":"Signup error Failed query: insert into \"users\" (\"id\", \"name\", \"email\", \"password\", \"role\", \"created_at\", \"updated_at\") values (default, $1, $2, default, $3, default, default) returning \"id\", \"name\", \"email\", \"role\", \"created_at\"\nparams: jsmastery,contact@jsmastery.com,user","params":["jsmastery","contact@jsmastery.com","user"],"query":"insert into \"users\" (\"id\", \"name\", \"email\", \"password\", \"role\", \"created_at\", \"updated_at\") values (default, $1, $2, default, $3, default, default) returning \"id\", \"name\", \"email\", \"role\", \"created_at\"","service":"acquisitions-api","stack":"Error: Failed query: insert into \"users\" (\"id\", \"name\", \"email\", \"password\", \"role\", \"created_at\", \"updated_at\") values (default, $1, $2, default, $3, default, default) returning \"id\", \"name\", \"email\", \"role\", \"created_at\"\nparams: jsmastery,contact@jsmastery.com,user\n    at NeonHttpPreparedQuery.queryWithCache (file:///D:/Web%20Development/Docker_course/acquisitions/node_modules/drizzle-orm/pg-core/session.js:41:15)\n    at process.processTicksAndRejections (node:internal/process/task_queues:105:5)\n    at async NeonHttpPreparedQuery.execute (file:///D:/Web%20Development/Docker_course/acquisitions/node_modules/drizzle-orm/neon-http/session.js:45:20)\n    at async createUser (file:///D:/Web%20Development/Docker_course/acquisitions/src/services/auth.service.js:25:27)\n    at async signup (file:///D:/Web%20Development/Docker_course/acquisitions/src/controllers/auth.controller.js:24:22)","timestamp":"2025-09-28T14:15:26.304Z"}
{"level":"info","message":"::1 - - [28/Sep/2025:14:15:26 +0000] \"POST /api/auth/sign-up HTTP/1.1\" 500 1216 \"-\" \"HTTPie\"","service":"acquisitions-api","timestamp":"2025-09-28T14:15:26.309Z"}
{"level":"info","message":"::1 - - [28/Sep/2025:14:15:33 +0000] \"POST /api/auth/sign-up HTTP/1.1\" 400 81 \"-\" \"HTTPie\"","service":"acquisitions-api","timestamp":"2025-09-28T14:15:33.726Z"}
{"level":"info","message":"::1 - - [28/Sep/2025:14:15:51 +0000] \"POST /api/auth/sign-up HTTP/1.1\" 400 81 \"-\" \"HTTPie\"","service":"acquisitions-api","timestamp":"2025-09-28T14:15:51.169Z"}
{"level":"error","message":"Error creating the user: Error: Failed query: insert into \"users\" (\"id\", \"name\", \"email\", \"password\", \"role\", \"created_at\", \"updated_at\") values (default, $1, $2, default, $3, default, default) returning \"id\", \"name\", \"email\", \"role\", \"created_at\"\nparams: Admin,admin@jsmastery.pro,admin","service":"acquisitions-api","timestamp":"2025-09-28T14:18:19.994Z"}
{"cause":{"code":"23502","column":"password","detail":"Failing row contains (3, Admin, admin@jsmastery.pro, null, admin, 2025-09-28 14:18:20.061061, 2025-09-28 14:18:20.061061).","file":"execMain.c","line":"1997","name":"NeonDbError","routine":"ExecConstraints","schema":"public","severity":"ERROR","table":"users"},"level":"error","message":"Signup error Failed query: insert into \"users\" (\"id\", \"name\", \"email\", \"password\", \"role\", \"created_at\", \"updated_at\") values (default, $1, $2, default, $3, default, default) returning \"id\", \"name\", \"email\", \"role\", \"created_at\"\nparams: Admin,admin@jsmastery.pro,admin","params":["Admin","admin@jsmastery.pro","admin"],"query":"insert into \"users\" (\"id\", \"name\", \"email\", \"password\", \"role\", \"created_at\", \"updated_at\") values (default, $1, $2, default, $3, default, default) returning \"id\", \"name\", \"email\", \"role\", \"created_at\"","service":"acquisitions-api","stack":"Error: Failed query: insert into \"users\" (\"id\", \"name\", \"email\", \"password\", \"role\", \"created_at\", \"updated_at\") values (default, $1, $2, default, $3, default, default) returning \"id\", \"name\", \"email\", \"role\", \"created_at\"\nparams: Admin,admin@jsmastery.pro,admin\n    at NeonHttpPreparedQuery.queryWithCache (file:///D:/Web%20Development/Docker_course/acquisitions/node_modules/drizzle-orm/pg-core/session.js:41:15)\n    at process.processTicksAndRejections (node:internal/process/task_queues:105:5)\n    at async NeonHttpPreparedQuery.execute (file:///D:/Web%20Development/Docker_course/acquisitions/node_modules/drizzle-orm/neon-http/session.js:45:20)\n    at async createUser (file:///D:/Web%20Development/Docker_course/acquisitions/src/services/auth.service.js:25:27)\n    at async signup (file:///D:/Web%20Development/Docker_course/acquisitions/src/controllers/auth.controller.js:24:22)","timestamp":"2025-09-28T14:18:19.998Z"}
{"level":"info","message":"::1 - - [28/Sep/2025:14:18:20 +0000] \"POST /api/auth/sign-up HTTP/1.1\" 500 1211 \"-\" \"HTTPie\"","service":"acquisitions-api","timestamp":"2025-09-28T14:18:20.005Z"}
{"level":"info","message":"User admin@jsmastery.pro created successfully.","service":"acquisitions-api","timestamp":"2025-09-28T14:24:02.275Z"}
{"level":"info","message":"User Registered Successfully: admin@jsmastery.pro","service":"acquisitions-api","timestamp":"2025-09-28T14:24:02.283Z"}
{"level":"info","message":"::1 - - [28/Sep/2025:14:24:02 +0000] \"POST /api/auth/sign-up HTTP/1.1\" 201 105 \"-\" \"HTTPie\"","service":"acquisitions-api","timestamp":"2025-09-28T14:24:02.288Z"}
{"level":"info","message":"User contact@jsmastery.com created successfully.","service":"acquisitions-api","timestamp":"2025-09-28T14:25:31.585Z"}
{"level":"info","message":"User Registered Successfully: contact@jsmastery.com","service":"acquisitions-api","timestamp":"2025-09-28T14:25:31.587Z"}
{"level":"info","message":"::1 - - [28/Sep/2025:14:25:31 +0000] \"POST /api/auth/sign-up HTTP/1.1\" 201 110 \"-\" \"HTTPie\"","service":"acquisitions-api","timestamp":"2025-09-28T14:25:31.588Z"}
{"level":"info","message":"User admin@jsmastery.pro authenticated successfully.","service":"acquisitions-api","timestamp":"2025-09-28T15:36:33.378Z"}
{"level":"info","message":"User Signed In Successfully: admin@jsmastery.pro","service":"acquisitions-api","timestamp":"2025-09-28T15:36:33.387Z"}
{"level":"info","message":"::1 - - [28/Sep/2025:15:36:33 +0000] \"POST /api/auth/sign-in HTTP/1.1\" 200 108 \"-\" \"HTTPie\"","service":"acquisitions-api","timestamp":"2025-09-28T15:36:33.393Z"}
{"level":"error","message":"Signout error cookies.getOptions is not iterable (cannot read property Symbol(Symbol.iterator))","service":"acquisitions-api","stack":"TypeError: cookies.getOptions is not iterable (cannot read property Symbol(Symbol.iterator))\n    at Object.clear (file:///D:/Web%20Development/Docker_course/acquisitions/src/utils/cookies.js:12:42)\n    at signout (file:///D:/Web%20Development/Docker_course/acquisitions/src/controllers/auth.controller.js:111:17)\n    at Layer.handleRequest (D:\\Web Development\\Docker_course\\acquisitions\\node_modules\\router\\lib\\layer.js:152:17)\n    at next (D:\\Web Development\\Docker_course\\acquisitions\\node_modules\\router\\lib\\route.js:157:13)\n    at Route.dispatch (D:\\Web Development\\Docker_course\\acquisitions\\node_modules\\router\\lib\\route.js:117:3)\n    at handle (D:\\Web Development\\Docker_course\\acquisitions\\node_modules\\router\\index.js:435:11)\n    at Layer.handleRequest (D:\\Web Development\\Docker_course\\acquisitions\\node_modules\\router\\lib\\layer.js:152:17)\n    at D:\\Web Development\\Docker_course\\acquisitions\\node_modules\\router\\index.js:295:15\n    at processParams (D:\\Web Development\\Docker_course\\acquisitions\\node_modules\\router\\index.js:582:12)\n    at next (D:\\Web Development\\Docker_course\\acquisitions\\node_modules\\router\\index.js:291:5)","timestamp":"2025-09-28T15:37:47.226Z"}
{"level":"info","message":"::1 - - [28/Sep/2025:15:37:47 +0000] \"POST /api/auth/sign-out HTTP/1.1\" 500 1395 \"-\" \"HTTPie\"","service":"acquisitions-api","timestamp":"2025-09-28T15:37:47.229Z"}
{"level":"error","message":"Signout error cookies.getOptions is not iterable (cannot read property Symbol(Symbol.iterator))","service":"acquisitions-api","stack":"TypeError: cookies.getOptions is not iterable (cannot read property Symbol(Symbol.iterator))\n    at Object.clear (file:///D:/Web%20Development/Docker_course/acquisitions/src/utils/cookies.js:12:42)\n    at signout (file:///D:/Web%20Development/Docker_course/acquisitions/src/controllers/auth.controller.js:111:17)\n    at Layer.handleRequest (D:\\Web Development\\Docker_course\\acquisitions\\node_modules\\router\\lib\\layer.js:152:17)\n    at next (D:\\Web Development\\Docker_course\\acquisitions\\node_modules\\router\\lib\\route.js:157:13)\n    at Route.dispatch (D:\\Web Development\\Docker_course\\acquisitions\\node_modules\\router\\lib\\route.js:117:3)\n    at handle (D:\\Web Development\\Docker_course\\acquisitions\\node_modules\\router\\index.js:435:11)\n    at Layer.handleRequest (D:\\Web Development\\Docker_course\\acquisitions\\node_modules\\router\\lib\\layer.js:152:17)\n    at D:\\Web Development\\Docker_course\\acquisitions\\node_modules\\router\\index.js:295:15\n    at processParams (D:\\Web Development\\Docker_course\\acquisitions\\node_modules\\router\\index.js:582:12)\n    at next (D:\\Web Development\\Docker_course\\acquisitions\\node_modules\\router\\index.js:291:5)","timestamp":"2025-09-28T15:38:07.018Z"}
{"level":"info","message":"::1 - - [28/Sep/2025:15:38:07 +0000] \"POST /api/auth/sign-out HTTP/1.1\" 500 1395 \"-\" \"HTTPie\"","service":"acquisitions-api","timestamp":"2025-09-28T15:38:07.021Z"}
{"level":"info","message":"User Signed Out Successfully","service":"acquisitions-api","timestamp":"2025-09-28T15:39:37.279Z"}
{"level":"info","message":"::1 - - [28/Sep/2025:15:39:37 +0000] \"POST /api/auth/sign-out HTTP/1.1\" 200 33 \"-\" \"HTTPie\"","service":"acquisitions-api","timestamp":"2025-09-28T15:39:37.287Z"}
{"level":"info","message":"::1 - - [28/Sep/2025:16:34:50 +0000] \"GET /health HTTP/1.1\" 200 75 \"-\" \"HTTPie\"","service":"acquisitions-api","timestamp":"2025-09-28T16:34:50.085Z"}
{"level":"info","message":"::1 - - [28/Sep/2025:16:34:51 +0000] \"GET /health HTTP/1.1\" 200 75 \"-\" \"HTTPie\"","service":"acquisitions-api","timestamp":"2025-09-28T16:34:51.263Z"}
{"level":"info","message":"::1 - - [28/Sep/2025:16:34:51 +0000] \"GET /health HTTP/1.1\" 200 75 \"-\" \"HTTPie\"","service":"acquisitions-api","timestamp":"2025-09-28T16:34:51.695Z"}
{"level":"info","message":"::1 - - [28/Sep/2025:16:34:52 +0000] \"GET /health HTTP/1.1\" 200 75 \"-\" \"HTTPie\"","service":"acquisitions-api","timestamp":"2025-09-28T16:34:52.117Z"}
{"level":"info","message":"::1 - - [28/Sep/2025:16:34:52 +0000] \"GET /health HTTP/1.1\" 200 73 \"-\" \"HTTPie\"","service":"acquisitions-api","timestamp":"2025-09-28T16:34:52.382Z"}
{"level":"info","message":"::1 - - [28/Sep/2025:16:34:52 +0000] \"GET /health HTTP/1.1\" 200 75 \"-\" \"HTTPie\"","service":"acquisitions-api","timestamp":"2025-09-28T16:34:52.780Z"}
{"level":"info","message":"::1 - - [28/Sep/2025:16:34:53 +0000] \"GET /health HTTP/1.1\" 200 75 \"-\" \"HTTPie\"","service":"acquisitions-api","timestamp":"2025-09-28T16:34:53.083Z"}
{"level":"info","message":"::1 - - [28/Sep/2025:16:34:53 +0000] \"GET /health HTTP/1.1\" 200 75 \"-\" \"HTTPie\"","service":"acquisitions-api","timestamp":"2025-09-28T16:34:53.329Z"}
{"level":"info","message":"::1 - - [28/Sep/2025:16:34:53 +0000] \"GET /health HTTP/1.1\" 200 75 \"-\" \"HTTPie\"","service":"acquisitions-api","timestamp":"2025-09-28T16:34:53.570Z"}
{"level":"info","message":"::1 - - [28/Sep/2025:16:34:53 +0000] \"GET /health HTTP/1.1\" 200 75 \"-\" \"HTTPie\"","service":"acquisitions-api","timestamp":"2025-09-28T16:34:53.793Z"}
{"level":"info","message":"::1 - - [28/Sep/2025:16:34:54 +0000] \"GET /health HTTP/1.1\" 200 75 \"-\" \"HTTPie\"","service":"acquisitions-api","timestamp":"2025-09-28T16:34:54.001Z"}
{"level":"info","message":"::1 - - [28/Sep/2025:16:34:54 +0000] \"GET /health HTTP/1.1\" 200 75 \"-\" \"HTTPie\"","service":"acquisitions-api","timestamp":"2025-09-28T16:34:54.187Z"}
{"level":"info","message":"::1 - - [28/Sep/2025:16:34:54 +0000] \"GET /health HTTP/1.1\" 200 75 \"-\" \"HTTPie\"","service":"acquisitions-api","timestamp":"2025-09-28T16:34:54.361Z"}
{"level":"info","message":"::1 - - [28/Sep/2025:16:34:54 +0000] \"GET /health HTTP/1.1\" 200 74 \"-\" \"HTTPie\"","service":"acquisitions-api","timestamp":"2025-09-28T16:34:54.541Z"}
{"level":"info","message":"::1 - - [28/Sep/2025:16:34:54 +0000] \"GET /health HTTP/1.1\" 200 75 \"-\" \"HTTPie\"","service":"acquisitions-api","timestamp":"2025-09-28T16:34:54.702Z"}
{"level":"info","message":"::1 - - [28/Sep/2025:16:34:54 +0000] \"GET /health HTTP/1.1\" 200 75 \"-\" \"HTTPie\"","service":"acquisitions-api","timestamp":"2025-09-28T16:34:54.890Z"}
{"level":"info","message":"::1 - - [28/Sep/2025:16:34:55 +0000] \"GET /health HTTP/1.1\" 200 75 \"-\" \"HTTPie\"","service":"acquisitions-api","timestamp":"2025-09-28T16:34:55.080Z"}
{"level":"info","message":"::1 - - [28/Sep/2025:16:34:55 +0000] \"GET /health HTTP/1.1\" 200 75 \"-\" \"HTTPie\"","service":"acquisitions-api","timestamp":"2025-09-28T16:34:55.251Z"}
{"level":"info","message":"::1 - - [28/Sep/2025:16:34:55 +0000] \"GET /health HTTP/1.1\" 200 75 \"-\" \"HTTPie\"","service":"acquisitions-api","timestamp":"2025-09-28T16:34:55.439Z"}
{"level":"info","message":"::1 - - [28/Sep/2025:16:34:55 +0000] \"GET /health HTTP/1.1\" 200 75 \"-\" \"HTTPie\"","service":"acquisitions-api","timestamp":"2025-09-28T16:34:55.632Z"}
{"level":"info","message":"::1 - - [28/Sep/2025:16:34:55 +0000] \"GET /health HTTP/1.1\" 200 75 \"-\" \"HTTPie\"","service":"acquisitions-api","timestamp":"2025-09-28T16:34:55.825Z"}
{"level":"info","message":"::1 - - [28/Sep/2025:16:34:56 +0000] \"GET /health HTTP/1.1\" 200 74 \"-\" \"HTTPie\"","service":"acquisitions-api","timestamp":"2025-09-28T16:34:56.005Z"}
{"level":"info","message":"::1 - - [28/Sep/2025:16:34:56 +0000] \"GET /health HTTP/1.1\" 200 75 \"-\" \"HTTPie\"","service":"acquisitions-api","timestamp":"2025-09-28T16:34:56.195Z"}
{"level":"info","message":"::1 - - [28/Sep/2025:16:34:56 +0000] \"GET /health HTTP/1.1\" 200 75 \"-\" \"HTTPie\"","service":"acquisitions-api","timestamp":"2025-09-28T16:34:56.383Z"}
{"level":"info","message":"::1 - - [28/Sep/2025:16:34:56 +0000] \"GET /health HTTP/1.1\" 200 75 \"-\" \"HTTPie\"","service":"acquisitions-api","timestamp":"2025-09-28T16:34:56.562Z"}
{"level":"info","message":"::1 - - [28/Sep/2025:16:34:56 +0000] \"GET /health HTTP/1.1\" 200 75 \"-\" \"HTTPie\"","service":"acquisitions-api","timestamp":"2025-09-28T16:34:56.704Z"}
{"level":"info","message":"::1 - - [28/Sep/2025:16:34:56 +0000] \"GET /health HTTP/1.1\" 200 75 \"-\" \"HTTPie\"","service":"acquisitions-api","timestamp":"2025-09-28T16:34:56.878Z"}
{"level":"info","message":"::1 - - [28/Sep/2025:16:34:57 +0000] \"GET /health HTTP/1.1\" 200 75 \"-\" \"HTTPie\"","service":"acquisitions-api","timestamp":"2025-09-28T16:34:57.052Z"}
{"level":"info","message":"::1 - - [28/Sep/2025:16:34:57 +0000] \"GET /health HTTP/1.1\" 200 75 \"-\" \"HTTPie\"","service":"acquisitions-api","timestamp":"2025-09-28T16:34:57.229Z"}
{"level":"info","message":"::1 - - [28/Sep/2025:16:34:57 +0000] \"GET /health HTTP/1.1\" 200 74 \"-\" \"HTTPie\"","service":"acquisitions-api","timestamp":"2025-09-28T16:34:57.396Z"}
{"level":"info","message":"::1 - - [28/Sep/2025:16:34:57 +0000] \"GET /health HTTP/1.1\" 200 75 \"-\" \"HTTPie\"","service":"acquisitions-api","timestamp":"2025-09-28T16:34:57.588Z"}
{"level":"info","message":"::1 - - [28/Sep/2025:16:34:57 +0000] \"GET /health HTTP/1.1\" 200 75 \"-\" \"HTTPie\"","service":"acquisitions-api","timestamp":"2025-09-28T16:34:57.749Z"}
{"level":"info","message":"::1 - - [28/Sep/2025:16:34:57 +0000] \"GET /health HTTP/1.1\" 200 75 \"-\" \"HTTPie\"","service":"acquisitions-api","timestamp":"2025-09-28T16:34:57.926Z"}
{"level":"info","message":"::1 - - [28/Sep/2025:16:34:58 +0000] \"GET /health HTTP/1.1\" 200 74 \"-\" \"HTTPie\"","service":"acquisitions-api","timestamp":"2025-09-28T16:34:58.082Z"}
{"level":"info","message":"::1 - - [28/Sep/2025:16:34:58 +0000] \"GET /health HTTP/1.1\" 200 75 \"-\" \"HTTPie\"","service":"acquisitions-api","timestamp":"2025-09-28T16:34:58.272Z"}
{"level":"info","message":"::1 - - [28/Sep/2025:16:34:58 +0000] \"GET /health HTTP/1.1\" 200 75 \"-\" \"HTTPie\"","service":"acquisitions-api","timestamp":"2025-09-28T16:34:58.445Z"}
{"level":"info","message":"::1 - - [28/Sep/2025:16:34:58 +0000] \"GET /health HTTP/1.1\" 200 74 \"-\" \"HTTPie\"","service":"acquisitions-api","timestamp":"2025-09-28T16:34:58.602Z"}
{"level":"info","message":"::1 - - [28/Sep/2025:16:34:58 +0000] \"GET /health HTTP/1.1\" 200 75 \"-\" \"HTTPie\"","service":"acquisitions-api","timestamp":"2025-09-28T16:34:58.779Z"}
{"level":"info","message":"::1 - - [28/Sep/2025:16:34:59 +0000] \"GET /health HTTP/1.1\" 200 75 \"-\" \"HTTPie\"","service":"acquisitions-api","timestamp":"2025-09-28T16:34:59.263Z"}
{"level":"info","message":"::1 - - [28/Sep/2025:16:34:59 +0000] \"GET /health HTTP/1.1\" 200 75 \"-\" \"HTTPie\"","service":"acquisitions-api","timestamp":"2025-09-28T16:34:59.445Z"}
{"level":"info","message":"::1 - - [28/Sep/2025:16:34:59 +0000] \"GET /health HTTP/1.1\" 200 75 \"-\" \"HTTPie\"","service":"acquisitions-api","timestamp":"2025-09-28T16:34:59.637Z"}
{"level":"info","message":"::1 - - [28/Sep/2025:16:34:59 +0000] \"GET /health HTTP/1.1\" 200 75 \"-\" \"HTTPie\"","service":"acquisitions-api","timestamp":"2025-09-28T16:34:59.865Z"}
{"level":"info","message":"::1 - - [28/Sep/2025:16:35:00 +0000] \"GET /health HTTP/1.1\" 200 75 \"-\" \"HTTPie\"","service":"acquisitions-api","timestamp":"2025-09-28T16:35:00.219Z"}
{"level":"info","message":"::1 - - [28/Sep/2025:16:35:00 +0000] \"GET /health HTTP/1.1\" 200 75 \"-\" \"HTTPie\"","service":"acquisitions-api","timestamp":"2025-09-28T16:35:00.330Z"}
{"level":"info","message":"::1 - - [28/Sep/2025:16:35:00 +0000] \"GET /health HTTP/1.1\" 200 75 \"-\" \"HTTPie\"","service":"acquisitions-api","timestamp":"2025-09-28T16:35:00.556Z"}
{"level":"info","message":"::1 - - [28/Sep/2025:16:35:00 +0000] \"GET /health HTTP/1.1\" 200 75 \"-\" \"HTTPie\"","service":"acquisitions-api","timestamp":"2025-09-28T16:35:00.793Z"}
{"level":"info","message":"::1 - - [28/Sep/2025:16:35:00 +0000] \"GET /health HTTP/1.1\" 200 75 \"-\" \"HTTPie\"","service":"acquisitions-api","timestamp":"2025-09-28T16:35:00.958Z"}
{"level":"info","message":"::1 - - [28/Sep/2025:16:35:01 +0000] \"GET /health HTTP/1.1\" 200 75 \"-\" \"HTTPie\"","service":"acquisitions-api","timestamp":"2025-09-28T16:35:01.141Z"}
{"level":"info","message":"::1 - - [28/Sep/2025:16:35:01 +0000] \"GET /health HTTP/1.1\" 200 75 \"-\" \"HTTPie\"","service":"acquisitions-api","timestamp":"2025-09-28T16:35:01.305Z"}
{"level":"info","message":"::1 - - [28/Sep/2025:16:35:01 +0000] \"GET /health HTTP/1.1\" 200 75 \"-\" \"HTTPie\"","service":"acquisitions-api","timestamp":"2025-09-28T16:35:01.486Z"}
{"level":"info","message":"::1 - - [28/Sep/2025:16:35:01 +0000] \"GET /health HTTP/1.1\" 200 75 \"-\" \"HTTPie\"","service":"acquisitions-api","timestamp":"2025-09-28T16:35:01.861Z"}
{"level":"info","message":"::1 - - [28/Sep/2025:16:35:02 +0000] \"GET /health HTTP/1.1\" 200 75 \"-\" \"HTTPie\"","service":"acquisitions-api","timestamp":"2025-09-28T16:35:02.137Z"}
{"level":"info","message":"::1 - - [28/Sep/2025:16:35:02 +0000] \"GET /health HTTP/1.1\" 200 75 \"-\" \"HTTPie\"","service":"acquisitions-api","timestamp":"2025-09-28T16:35:02.371Z"}
{"level":"info","message":"::1 - - [28/Sep/2025:16:35:02 +0000] \"GET /health HTTP/1.1\" 200 75 \"-\" \"HTTPie\"","service":"acquisitions-api","timestamp":"2025-09-28T16:35:02.622Z"}
{"level":"info","message":"::1 - - [28/Sep/2025:16:35:02 +0000] \"GET /health HTTP/1.1\" 200 75 \"-\" \"HTTPie\"","service":"acquisitions-api","timestamp":"2025-09-28T16:35:02.865Z"}
{"level":"info","message":"::1 - - [28/Sep/2025:16:35:03 +0000] \"GET /health HTTP/1.1\" 200 75 \"-\" \"HTTPie\"","service":"acquisitions-api","timestamp":"2025-09-28T16:35:03.147Z"}
{"level":"info","message":"::1 - - [28/Sep/2025:16:35:03 +0000] \"GET /health HTTP/1.1\" 200 75 \"-\" \"HTTPie\"","service":"acquisitions-api","timestamp":"2025-09-28T16:35:03.498Z"}
{"level":"info","message":"::1 - - [28/Sep/2025:16:35:03 +0000] \"GET /health HTTP/1.1\" 200 75 \"-\" \"HTTPie\"","service":"acquisitions-api","timestamp":"2025-09-28T16:35:03.836Z"}
{"level":"info","message":"::1 - - [28/Sep/2025:16:35:04 +0000] \"GET /health HTTP/1.1\" 200 74 \"-\" \"HTTPie\"","service":"acquisitions-api","timestamp":"2025-09-28T16:35:04.098Z"}
{"level":"info","message":"::1 - - [28/Sep/2025:16:35:04 +0000] \"GET /health HTTP/1.1\" 200 75 \"-\" \"HTTPie\"","service":"acquisitions-api","timestamp":"2025-09-28T16:35:04.278Z"}
{"level":"info","message":"::1 - - [28/Sep/2025:16:35:04 +0000] \"GET /health HTTP/1.1\" 200 75 \"-\" \"HTTPie\"","service":"acquisitions-api","timestamp":"2025-09-28T16:35:04.447Z"}
{"level":"info","message":"::1 - - [28/Sep/2025:16:35:04 +0000] \"GET /health HTTP/1.1\" 200 74 \"-\" \"HTTPie\"","service":"acquisitions-api","timestamp":"2025-09-28T16:35:04.627Z"}
{"level":"info","message":"::1 - - [28/Sep/2025:16:35:04 +0000] \"GET /health HTTP/1.1\" 200 75 \"-\" \"HTTPie\"","service":"acquisitions-api","timestamp":"2025-09-28T16:35:04.808Z"}
{"level":"info","message":"::1 - - [28/Sep/2025:16:35:04 +0000] \"GET /health HTTP/1.1\" 200 75 \"-\" \"HTTPie\"","service":"acquisitions-api","timestamp":"2025-09-28T16:35:04.993Z"}
{"level":"info","message":"::1 - - [28/Sep/2025:16:35:05 +0000] \"GET /health HTTP/1.1\" 200 75 \"-\" \"HTTPie\"","service":"acquisitions-api","timestamp":"2025-09-28T16:35:05.165Z"}
{"level":"info","message":"::1 - - [28/Sep/2025:16:35:05 +0000] \"GET /health HTTP/1.1\" 200 75 \"-\" \"HTTPie\"","service":"acquisitions-api","timestamp":"2025-09-28T16:35:05.346Z"}
{"level":"info","message":"::1 - - [28/Sep/2025:16:35:05 +0000] \"GET /health HTTP/1.1\" 200 75 \"-\" \"HTTPie\"","service":"acquisitions-api","timestamp":"2025-09-28T16:35:05.481Z"}
{"level":"info","message":"::1 - - [28/Sep/2025:16:35:05 +0000] \"GET /health HTTP/1.1\" 200 74 \"-\" \"HTTPie\"","service":"acquisitions-api","timestamp":"2025-09-28T16:35:05.672Z"}
{"level":"info","message":"::1 - - [28/Sep/2025:16:35:05 +0000] \"GET /health HTTP/1.1\" 200 74 \"-\" \"HTTPie\"","service":"acquisitions-api","timestamp":"2025-09-28T16:35:05.848Z"}
{"level":"info","message":"::1 - - [28/Sep/2025:16:35:06 +0000] \"GET /health HTTP/1.1\" 200 75 \"-\" \"HTTPie\"","service":"acquisitions-api","timestamp":"2025-09-28T16:35:06.016Z"}
{"level":"info","message":"::1 - - [28/Sep/2025:16:35:06 +0000] \"GET /health HTTP/1.1\" 200 75 \"-\" \"HTTPie\"","service":"acquisitions-api","timestamp":"2025-09-28T16:35:06.209Z"}
{"level":"info","message":"::1 - - [28/Sep/2025:16:35:06 +0000] \"GET /health HTTP/1.1\" 200 75 \"-\" \"HTTPie\"","service":"acquisitions-api","timestamp":"2025-09-28T16:35:06.371Z"}
{"level":"info","message":"::1 - - [28/Sep/2025:16:35:06 +0000] \"GET /health HTTP/1.1\" 200 75 \"-\" \"HTTPie\"","service":"acquisitions-api","timestamp":"2025-09-28T16:35:06.548Z"}
{"level":"info","message":"::1 - - [28/Sep/2025:16:35:06 +0000] \"GET /health HTTP/1.1\" 200 73 \"-\" \"HTTPie\"","service":"acquisitions-api","timestamp":"2025-09-28T16:35:06.715Z"}
{"level":"info","message":"::1 - - [28/Sep/2025:16:35:06 +0000] \"GET /health HTTP/1.1\" 200 74 \"-\" \"HTTPie\"","service":"acquisitions-api","timestamp":"2025-09-28T16:35:06.898Z"}
{"level":"info","message":"::1 - - [28/Sep/2025:16:35:07 +0000] \"GET /health HTTP/1.1\" 200 75 \"-\" \"HTTPie\"","service":"acquisitions-api","timestamp":"2025-09-28T16:35:07.081Z"}
{"level":"info","message":"::1 - - [28/Sep/2025:16:35:07 +0000] \"GET /health HTTP/1.1\" 200 75 \"-\" \"HTTPie\"","service":"acquisitions-api","timestamp":"2025-09-28T16:35:07.263Z"}
{"level":"info","message":"::1 - - [28/Sep/2025:16:35:07 +0000] \"GET /health HTTP/1.1\" 200 75 \"-\" \"HTTPie\"","service":"acquisitions-api","timestamp":"2025-09-28T16:35:07.449Z"}
{"level":"info","message":"::1 - - [28/Sep/2025:16:35:07 +0000] \"GET /health HTTP/1.1\" 200 75 \"-\" \"HTTPie\"","service":"acquisitions-api","timestamp":"2025-09-28T16:35:07.615Z"}
{"level":"info","message":"::1 - - [28/Sep/2025:16:35:07 +0000] \"GET /health HTTP/1.1\" 200 75 \"-\" \"HTTPie\"","service":"acquisitions-api","timestamp":"2025-09-28T16:35:07.774Z"}
{"level":"info","message":"::1 - - [28/Sep/2025:16:35:07 +0000] \"GET /health HTTP/1.1\" 200 74 \"-\" \"HTTPie\"","service":"acquisitions-api","timestamp":"2025-09-28T16:35:07.956Z"}
{"level":"info","message":"::1 - - [28/Sep/2025:16:37:15 +0000] \"GET /health HTTP/1.1\" 200 73 \"-\" \"HTTPie\"","service":"acquisitions-api","timestamp":"2025-09-28T16:37:15.790Z"}
{"level":"info","message":"::1 - - [28/Sep/2025:16:37:16 +0000] \"GET /health HTTP/1.1\" 200 73 \"-\" \"HTTPie\"","service":"acquisitions-api","timestamp":"2025-09-28T16:37:16.510Z"}
{"level":"info","message":"::1 - - [28/Sep/2025:16:37:17 +0000] \"GET /health HTTP/1.1\" 200 73 \"-\" \"HTTPie\"","service":"acquisitions-api","timestamp":"2025-09-28T16:37:17.425Z"}
{"level":"info","message":"::1 - - [28/Sep/2025:16:37:18 +0000] \"GET /health HTTP/1.1\" 200 74 \"-\" \"HTTPie\"","service":"acquisitions-api","timestamp":"2025-09-28T16:37:18.167Z"}
{"level":"info","message":"::1 - - [28/Sep/2025:16:37:18 +0000] \"GET /health HTTP/1.1\" 200 74 \"-\" \"HTTPie\"","service":"acquisitions-api","timestamp":"2025-09-28T16:37:18.884Z"}
{"level":"info","message":"::1 - - [28/Sep/2025:16:37:19 +0000] \"GET /health HTTP/1.1\" 200 71 \"-\" \"HTTPie\"","service":"acquisitions-api","timestamp":"2025-09-28T16:37:19.554Z"}
{"level":"info","message":"::1 - - [28/Sep/2025:16:37:20 +0000] \"GET /health HTTP/1.1\" 200 74 \"-\" \"HTTPie\"","service":"acquisitions-api","timestamp":"2025-09-28T16:37:20.043Z"}
{"level":"info","message":"::1 - - [28/Sep/2025:16:37:20 +0000] \"GET /health HTTP/1.1\" 200 74 \"-\" \"HTTPie\"","service":"acquisitions-api","timestamp":"2025-09-28T16:37:20.516Z"}
{"level":"info","message":"::1 - - [28/Sep/2025:16:37:20 +0000] \"GET /health HTTP/1.1\" 200 74 \"-\" \"HTTPie\"","service":"acquisitions-api","timestamp":"2025-09-28T16:37:20.687Z"}
{"level":"info","message":"::1 - - [28/Sep/2025:16:37:20 +0000] \"GET /health HTTP/1.1\" 200 74 \"-\" \"HTTPie\"","service":"acquisitions-api","timestamp":"2025-09-28T16:37:20.854Z"}
{"level":"info","message":"::1 - - [28/Sep/2025:16:37:21 +0000] \"GET /health HTTP/1.1\" 200 74 \"-\" \"HTTPie\"","service":"acquisitions-api","timestamp":"2025-09-28T16:37:21.023Z"}
{"level":"info","message":"::1 - - [28/Sep/2025:16:37:21 +0000] \"GET /health HTTP/1.1\" 200 74 \"-\" \"HTTPie\"","service":"acquisitions-api","timestamp":"2025-09-28T16:37:21.195Z"}
{"level":"info","message":"::1 - - [28/Sep/2025:16:37:21 +0000] \"GET /health HTTP/1.1\" 200 74 \"-\" \"HTTPie\"","service":"acquisitions-api","timestamp":"2025-09-28T16:37:21.340Z"}
{"level":"info","message":"::1 - - [28/Sep/2025:16:37:21 +0000] \"GET /health HTTP/1.1\" 200 74 \"-\" \"HTTPie\"","service":"acquisitions-api","timestamp":"2025-09-28T16:37:21.519Z"}
{"level":"info","message":"::1 - - [28/Sep/2025:16:37:21 +0000] \"GET /health HTTP/1.1\" 200 74 \"-\" \"HTTPie\"","service":"acquisitions-api","timestamp":"2025-09-28T16:37:21.676Z"}
{"level":"info","message":"::1 - - [28/Sep/2025:16:37:21 +0000] \"GET /health HTTP/1.1\" 200 74 \"-\" \"HTTPie\"","service":"acquisitions-api","timestamp":"2025-09-28T16:37:21.841Z"}
{"level":"info","message":"::1 - - [28/Sep/2025:16:37:22 +0000] \"GET /health HTTP/1.1\" 200 74 \"-\" \"HTTPie\"","service":"acquisitions-api","timestamp":"2025-09-28T16:37:22.007Z"}
{"level":"info","message":"::1 - - [28/Sep/2025:16:37:22 +0000] \"GET /health HTTP/1.1\" 200 74 \"-\" \"HTTPie\"","service":"acquisitions-api","timestamp":"2025-09-28T16:37:22.177Z"}
{"level":"info","message":"::1 - - [28/Sep/2025:16:37:22 +0000] \"GET /health HTTP/1.1\" 200 74 \"-\" \"HTTPie\"","service":"acquisitions-api","timestamp":"2025-09-28T16:37:22.334Z"}
{"level":"info","message":"::1 - - [28/Sep/2025:16:37:22 +0000] \"GET /health HTTP/1.1\" 200 74 \"-\" \"HTTPie\"","service":"acquisitions-api","timestamp":"2025-09-28T16:37:22.511Z"}
{"level":"info","message":"::1 - - [28/Sep/2025:16:37:22 +0000] \"GET /health HTTP/1.1\" 200 74 \"-\" \"HTTPie\"","service":"acquisitions-api","timestamp":"2025-09-28T16:37:22.698Z"}
{"level":"info","message":"::1 - - [28/Sep/2025:16:37:22 +0000] \"GET /health HTTP/1.1\" 200 74 \"-\" \"HTTPie\"","service":"acquisitions-api","timestamp":"2025-09-28T16:37:22.838Z"}
{"level":"info","message":"::1 - - [28/Sep/2025:16:37:23 +0000] \"GET /health HTTP/1.1\" 200 74 \"-\" \"HTTPie\"","service":"acquisitions-api","timestamp":"2025-09-28T16:37:23.022Z"}
{"level":"info","message":"::1 - - [28/Sep/2025:16:37:23 +0000] \"GET /health HTTP/1.1\" 200 74 \"-\" \"HTTPie\"","service":"acquisitions-api","timestamp":"2025-09-28T16:37:23.172Z"}
{"level":"info","message":"::1 - - [28/Sep/2025:16:37:23 +0000] \"GET /health HTTP/1.1\" 200 74 \"-\" \"HTTPie\"","service":"acquisitions-api","timestamp":"2025-09-28T16:37:23.357Z"}
{"level":"info","message":"::1 - - [28/Sep/2025:16:37:23 +0000] \"GET /health HTTP/1.1\" 200 74 \"-\" \"HTTPie\"","service":"acquisitions-api","timestamp":"2025-09-28T16:37:23.535Z"}
{"level":"info","message":"::1 - - [28/Sep/2025:16:37:23 +0000] \"GET /health HTTP/1.1\" 200 74 \"-\" \"HTTPie\"","service":"acquisitions-api","timestamp":"2025-09-28T16:37:23.719Z"}
{"level":"info","message":"::1 - - [28/Sep/2025:16:37:23 +0000] \"GET /health HTTP/1.1\" 200 74 \"-\" \"HTTPie\"","service":"acquisitions-api","timestamp":"2025-09-28T16:37:23.886Z"}
{"level":"info","message":"::1 - - [28/Sep/2025:16:37:24 +0000] \"GET /health HTTP/1.1\" 200 74 \"-\" \"HTTPie\"","service":"acquisitions-api","timestamp":"2025-09-28T16:37:24.064Z"}
{"level":"info","message":"::1 - - [28/Sep/2025:16:37:24 +0000] \"GET /health HTTP/1.1\" 200 74 \"-\" \"HTTPie\"","service":"acquisitions-api","timestamp":"2025-09-28T16:37:24.239Z"}
{"level":"info","message":"::1 - - [28/Sep/2025:16:37:24 +0000] \"GET /health HTTP/1.1\" 200 74 \"-\" \"HTTPie\"","service":"acquisitions-api","timestamp":"2025-09-28T16:37:24.410Z"}
{"level":"info","message":"::1 - - [28/Sep/2025:16:37:24 +0000] \"GET /health HTTP/1.1\" 200 74 \"-\" \"HTTPie\"","service":"acquisitions-api","timestamp":"2025-09-28T16:37:24.575Z"}
{"level":"info","message":"::1 - - [28/Sep/2025:16:37:24 +0000] \"GET /health HTTP/1.1\" 200 74 \"-\" \"HTTPie\"","service":"acquisitions-api","timestamp":"2025-09-28T16:37:24.741Z"}
{"level":"info","message":"::1 - - [28/Sep/2025:16:37:24 +0000] \"GET /health HTTP/1.1\" 200 74 \"-\" \"HTTPie\"","service":"acquisitions-api","timestamp":"2025-09-28T16:37:24.915Z"}
{"level":"info","message":"::1 - - [28/Sep/2025:16:37:25 +0000] \"GET /health HTTP/1.1\" 200 74 \"-\" \"HTTPie\"","service":"acquisitions-api","timestamp":"2025-09-28T16:37:25.082Z"}
{"level":"info","message":"::1 - - [28/Sep/2025:16:37:25 +0000] \"GET /health HTTP/1.1\" 200 74 \"-\" \"HTTPie\"","service":"acquisitions-api","timestamp":"2025-09-28T16:37:25.274Z"}
{"level":"info","message":"::1 - - [28/Sep/2025:16:37:25 +0000] \"GET /health HTTP/1.1\" 200 74 \"-\" \"HTTPie\"","service":"acquisitions-api","timestamp":"2025-09-28T16:37:25.465Z"}
{"level":"info","message":"::1 - - [28/Sep/2025:16:37:25 +0000] \"GET /health HTTP/1.1\" 200 74 \"-\" \"HTTPie\"","service":"acquisitions-api","timestamp":"2025-09-28T16:37:25.630Z"}
{"level":"info","message":"::1 - - [28/Sep/2025:16:37:25 +0000] \"GET /health HTTP/1.1\" 200 74 \"-\" \"HTTPie\"","service":"acquisitions-api","timestamp":"2025-09-28T16:37:25.804Z"}
{"level":"info","message":"::1 - - [28/Sep/2025:16:37:25 +0000] \"GET /health HTTP/1.1\" 200 74 \"-\" \"HTTPie\"","service":"acquisitions-api","timestamp":"2025-09-28T16:37:25.998Z"}
{"level":"info","message":"::1 - - [28/Sep/2025:16:37:26 +0000] \"GET /health HTTP/1.1\" 200 74 \"-\" \"HTTPie\"","service":"acquisitions-api","timestamp":"2025-09-28T16:37:26.158Z"}
{"level":"info","message":"::1 - - [28/Sep/2025:16:37:26 +0000] \"GET /health HTTP/1.1\" 200 74 \"-\" \"HTTPie\"","service":"acquisitions-api","timestamp":"2025-09-28T16:37:26.347Z"}
{"level":"info","message":"::1 - - [28/Sep/2025:16:37:26 +0000] \"GET /health HTTP/1.1\" 200 74 \"-\" \"HTTPie\"","service":"acquisitions-api","timestamp":"2025-09-28T16:37:26.496Z"}
{"level":"info","message":"::1 - - [28/Sep/2025:16:37:26 +0000] \"GET /health HTTP/1.1\" 200 74 \"-\" \"HTTPie\"","service":"acquisitions-api","timestamp":"2025-09-28T16:37:26.686Z"}
{"level":"info","message":"::1 - - [28/Sep/2025:16:37:47 +0000] \"GET /health HTTP/1.1\" 200 74 \"-\" \"HTTPie\"","service":"acquisitions-api","timestamp":"2025-09-28T16:37:47.786Z"}
{"level":"info","message":"::1 - - [28/Sep/2025:16:37:47 +0000] \"GET /health HTTP/1.1\" 200 74 \"-\" \"HTTPie\"","service":"acquisitions-api","timestamp":"2025-09-28T16:37:47.944Z"}
{"level":"info","message":"::1 - - [28/Sep/2025:16:37:48 +0000] \"GET /health HTTP/1.1\" 200 74 \"-\" \"HTTPie\"","service":"acquisitions-api","timestamp":"2025-09-28T16:37:48.118Z"}
{"level":"info","message":"::1 - - [28/Sep/2025:16:37:48 +0000] \"GET /health HTTP/1.1\" 200 74 \"-\" \"HTTPie\"","service":"acquisitions-api","timestamp":"2025-09-28T16:37:48.295Z"}
{"level":"info","message":"::1 - - [28/Sep/2025:16:37:48 +0000] \"GET /health HTTP/1.1\" 200 74 \"-\" \"HTTPie\"","service":"acquisitions-api","timestamp":"2025-09-28T16:37:48.453Z"}
{"level":"info","message":"::1 - - [28/Sep/2025:16:37:48 +0000] \"GET /health HTTP/1.1\" 200 74 \"-\" \"HTTPie\"","service":"acquisitions-api","timestamp":"2025-09-28T16:37:48.640Z"}
{"level":"info","message":"User Signed Out Successfully","service":"acquisitions-api","timestamp":"2025-09-28T16:37:51.635Z"}
{"level":"info","message":"::1 - - [28/Sep/2025:16:37:51 +0000] \"POST /api/auth/sign-out HTTP/1.1\" 200 33 \"-\" \"HTTPie\"","service":"acquisitions-api","timestamp":"2025-09-28T16:37:51.636Z"}
{"level":"info","message":"User Signed Out Successfully","service":"acquisitions-api","timestamp":"2025-09-28T16:37:52.178Z"}
{"level":"info","message":"::1 - - [28/Sep/2025:16:37:52 +0000] \"POST /api/auth/sign-out HTTP/1.1\" 200 33 \"-\" \"HTTPie\"","service":"acquisitions-api","timestamp":"2025-09-28T16:37:52.179Z"}
{"level":"info","message":"User Signed Out Successfully","service":"acquisitions-api","timestamp":"2025-09-28T16:37:52.534Z"}
{"level":"info","message":"::1 - - [28/Sep/2025:16:37:52 +0000] \"POST /api/auth/sign-out HTTP/1.1\" 200 33 \"-\" \"HTTPie\"","service":"acquisitions-api","timestamp":"2025-09-28T16:37:52.535Z"}
{"level":"info","message":"User Signed Out Successfully","service":"acquisitions-api","timestamp":"2025-09-28T16:37:52.704Z"}
{"level":"info","message":"::1 - - [28/Sep/2025:16:37:52 +0000] \"POST /api/auth/sign-out HTTP/1.1\" 200 33 \"-\" \"HTTPie\"","service":"acquisitions-api","timestamp":"2025-09-28T16:37:52.705Z"}
{"level":"info","message":"User Signed Out Successfully","service":"acquisitions-api","timestamp":"2025-09-28T16:37:52.879Z"}
{"level":"info","message":"::1 - - [28/Sep/2025:16:37:52 +0000] \"POST /api/auth/sign-out HTTP/1.1\" 200 33 \"-\" \"HTTPie\"","service":"acquisitions-api","timestamp":"2025-09-28T16:37:52.880Z"}
{"level":"info","message":"User Signed Out Successfully","service":"acquisitions-api","timestamp":"2025-09-28T16:37:53.051Z"}
{"level":"info","message":"::1 - - [28/Sep/2025:16:37:53 +0000] \"POST /api/auth/sign-out HTTP/1.1\" 200 33 \"-\" \"HTTPie\"","service":"acquisitions-api","timestamp":"2025-09-28T16:37:53.052Z"}
{"level":"info","message":"User Signed Out Successfully","service":"acquisitions-api","timestamp":"2025-09-28T16:37:53.212Z"}
{"level":"info","message":"::1 - - [28/Sep/2025:16:37:53 +0000] \"POST /api/auth/sign-out HTTP/1.1\" 200 33 \"-\" \"HTTPie\"","service":"acquisitions-api","timestamp":"2025-09-28T16:37:53.214Z"}
{"level":"info","message":"User Signed Out Successfully","service":"acquisitions-api","timestamp":"2025-09-28T16:37:53.391Z"}
{"level":"info","message":"::1 - - [28/Sep/2025:16:37:53 +0000] \"POST /api/auth/sign-out HTTP/1.1\" 200 33 \"-\" \"HTTPie\"","service":"acquisitions-api","timestamp":"2025-09-28T16:37:53.392Z"}
{"level":"info","message":"User Signed Out Successfully","service":"acquisitions-api","timestamp":"2025-09-28T16:37:53.561Z"}
{"level":"info","message":"::1 - - [28/Sep/2025:16:37:53 +0000] \"POST /api/auth/sign-out HTTP/1.1\" 200 33 \"-\" \"HTTPie\"","service":"acquisitions-api","timestamp":"2025-09-28T16:37:53.563Z"}
{"level":"info","message":"User Signed Out Successfully","service":"acquisitions-api","timestamp":"2025-09-28T16:37:53.735Z"}
{"level":"info","message":"::1 - - [28/Sep/2025:16:37:53 +0000] \"POST /api/auth/sign-out HTTP/1.1\" 200 33 \"-\" \"HTTPie\"","service":"acquisitions-api","timestamp":"2025-09-28T16:37:53.736Z"}
{"level":"info","message":"User Signed Out Successfully","service":"acquisitions-api","timestamp":"2025-09-28T16:37:53.917Z"}
{"level":"info","message":"::1 - - [28/Sep/2025:16:37:53 +0000] \"POST /api/auth/sign-out HTTP/1.1\" 200 33 \"-\" \"HTTPie\"","service":"acquisitions-api","timestamp":"2025-09-28T16:37:53.918Z"}
{"level":"info","message":"User Signed Out Successfully","service":"acquisitions-api","timestamp":"2025-09-28T16:37:54.086Z"}
{"level":"info","message":"::1 - - [28/Sep/2025:16:37:54 +0000] \"POST /api/auth/sign-out HTTP/1.1\" 200 33 \"-\" \"HTTPie\"","service":"acquisitions-api","timestamp":"2025-09-28T16:37:54.088Z"}
{"level":"info","message":"User Signed Out Successfully","service":"acquisitions-api","timestamp":"2025-09-28T16:37:54.294Z"}
{"level":"info","message":"::1 - - [28/Sep/2025:16:37:54 +0000] \"POST /api/auth/sign-out HTTP/1.1\" 200 33 \"-\" \"HTTPie\"","service":"acquisitions-api","timestamp":"2025-09-28T16:37:54.294Z"}
{"level":"info","message":"User Signed Out Successfully","service":"acquisitions-api","timestamp":"2025-09-28T16:37:54.457Z"}
{"level":"info","message":"::1 - - [28/Sep/2025:16:37:54 +0000] \"POST /api/auth/sign-out HTTP/1.1\" 200 33 \"-\" \"HTTPie\"","service":"acquisitions-api","timestamp":"2025-09-28T16:37:54.458Z"}
{"level":"info","message":"User Signed Out Successfully","service":"acquisitions-api","timestamp":"2025-09-28T16:37:54.642Z"}
{"level":"info","message":"::1 - - [28/Sep/2025:16:37:54 +0000] \"POST /api/auth/sign-out HTTP/1.1\" 200 33 \"-\" \"HTTPie\"","service":"acquisitions-api","timestamp":"2025-09-28T16:37:54.643Z"}
{"level":"info","message":"User Signed Out Successfully","service":"acquisitions-api","timestamp":"2025-09-28T16:37:54.820Z"}
{"level":"info","message":"::1 - - [28/Sep/2025:16:37:54 +0000] \"POST /api/auth/sign-out HTTP/1.1\" 200 33 \"-\" \"HTTPie\"","service":"acquisitions-api","timestamp":"2025-09-28T16:37:54.821Z"}
{"level":"info","message":"User Signed Out Successfully","service":"acquisitions-api","timestamp":"2025-09-28T16:37:55.007Z"}
{"level":"info","message":"::1 - - [28/Sep/2025:16:37:55 +0000] \"POST /api/auth/sign-out HTTP/1.1\" 200 33 \"-\" \"HTTPie\"","service":"acquisitions-api","timestamp":"2025-09-28T16:37:55.009Z"}
{"level":"info","message":"User Signed Out Successfully","service":"acquisitions-api","timestamp":"2025-09-28T16:37:55.263Z"}
{"level":"info","message":"::1 - - [28/Sep/2025:16:37:55 +0000] \"POST /api/auth/sign-out HTTP/1.1\" 200 33 \"-\" \"HTTPie\"","service":"acquisitions-api","timestamp":"2025-09-28T16:37:55.264Z"}
{"level":"info","message":"User Signed Out Successfully","service":"acquisitions-api","timestamp":"2025-09-28T16:37:55.471Z"}
{"level":"info","message":"::1 - - [28/Sep/2025:16:37:55 +0000] \"POST /api/auth/sign-out HTTP/1.1\" 200 33 \"-\" \"HTTPie\"","service":"acquisitions-api","timestamp":"2025-09-28T16:37:55.472Z"}
{"level":"info","message":"User Signed Out Successfully","service":"acquisitions-api","timestamp":"2025-09-28T16:37:55.678Z"}
{"level":"info","message":"::1 - - [28/Sep/2025:16:37:55 +0000] \"POST /api/auth/sign-out HTTP/1.1\" 200 33 \"-\" \"HTTPie\"","service":"acquisitions-api","timestamp":"2025-09-28T16:37:55.681Z"}
{"level":"info","message":"User Signed Out Successfully","service":"acquisitions-api","timestamp":"2025-09-28T16:37:55.869Z"}
{"level":"info","message":"::1 - - [28/Sep/2025:16:37:55 +0000] \"POST /api/auth/sign-out HTTP/1.1\" 200 33 \"-\" \"HTTPie\"","service":"acquisitions-api","timestamp":"2025-09-28T16:37:55.870Z"}
{"level":"info","message":"User Signed Out Successfully","service":"acquisitions-api","timestamp":"2025-09-28T16:37:56.042Z"}
{"level":"info","message":"::1 - - [28/Sep/2025:16:37:56 +0000] \"POST /api/auth/sign-out HTTP/1.1\" 200 33 \"-\" \"HTTPie\"","service":"acquisitions-api","timestamp":"2025-09-28T16:37:56.043Z"}
{"level":"info","message":"User Signed Out Successfully","service":"acquisitions-api","timestamp":"2025-09-28T16:37:56.211Z"}
{"level":"info","message":"::1 - - [28/Sep/2025:16:37:56 +0000] \"POST /api/auth/sign-out HTTP/1.1\" 200 33 \"-\" \"HTTPie\"","service":"acquisitions-api","timestamp":"2025-09-28T16:37:56.213Z"}
{"level":"info","message":"User Signed Out Successfully","service":"acquisitions-api","timestamp":"2025-09-28T16:37:56.399Z"}
{"level":"info","message":"::1 - - [28/Sep/2025:16:37:56 +0000] \"POST /api/auth/sign-out HTTP/1.1\" 200 33 \"-\" \"HTTPie\"","service":"acquisitions-api","timestamp":"2025-09-28T16:37:56.400Z"}
{"level":"info","message":"User Signed Out Successfully","service":"acquisitions-api","timestamp":"2025-09-28T16:37:56.572Z"}
{"level":"info","message":"::1 - - [28/Sep/2025:16:37:56 +0000] \"POST /api/auth/sign-out HTTP/1.1\" 200 33 \"-\" \"HTTPie\"","service":"acquisitions-api","timestamp":"2025-09-28T16:37:56.574Z"}
{"level":"info","message":"User Signed Out Successfully","service":"acquisitions-api","timestamp":"2025-09-28T16:37:56.761Z"}
{"level":"info","message":"::1 - - [28/Sep/2025:16:37:56 +0000] \"POST /api/auth/sign-out HTTP/1.1\" 200 33 \"-\" \"HTTPie\"","service":"acquisitions-api","timestamp":"2025-09-28T16:37:56.763Z"}
{"level":"info","message":"User Signed Out Successfully","service":"acquisitions-api","timestamp":"2025-09-28T16:37:56.945Z"}
{"level":"info","message":"::1 - - [28/Sep/2025:16:37:56 +0000] \"POST /api/auth/sign-out HTTP/1.1\" 200 33 \"-\" \"HTTPie\"","service":"acquisitions-api","timestamp":"2025-09-28T16:37:56.947Z"}
{"level":"info","message":"User Signed Out Successfully","service":"acquisitions-api","timestamp":"2025-09-28T16:37:57.134Z"}
{"level":"info","message":"::1 - - [28/Sep/2025:16:37:57 +0000] \"POST /api/auth/sign-out HTTP/1.1\" 200 33 \"-\" \"HTTPie\"","service":"acquisitions-api","timestamp":"2025-09-28T16:37:57.136Z"}
{"level":"info","message":"User Signed Out Successfully","service":"acquisitions-api","timestamp":"2025-09-28T16:37:57.319Z"}
{"level":"info","message":"::1 - - [28/Sep/2025:16:37:57 +0000] \"POST /api/auth/sign-out HTTP/1.1\" 200 33 \"-\" \"HTTPie\"","service":"acquisitions-api","timestamp":"2025-09-28T16:37:57.321Z"}
{"level":"info","message":"User Signed Out Successfully","service":"acquisitions-api","timestamp":"2025-09-28T16:37:57.481Z"}
{"level":"info","message":"::1 - - [28/Sep/2025:16:37:57 +0000] \"POST /api/auth/sign-out HTTP/1.1\" 200 33 \"-\" \"HTTPie\"","service":"acquisitions-api","timestamp":"2025-09-28T16:37:57.482Z"}
{"level":"info","message":"User Signed Out Successfully","service":"acquisitions-api","timestamp":"2025-09-28T16:37:57.654Z"}
{"level":"info","message":"::1 - - [28/Sep/2025:16:37:57 +0000] \"POST /api/auth/sign-out HTTP/1.1\" 200 33 \"-\" \"HTTPie\"","service":"acquisitions-api","timestamp":"2025-09-28T16:37:57.655Z"}
{"level":"info","message":"User Signed Out Successfully","service":"acquisitions-api","timestamp":"2025-09-28T16:37:57.826Z"}
{"level":"info","message":"::1 - - [28/Sep/2025:16:37:57 +0000] \"POST /api/auth/sign-out HTTP/1.1\" 200 33 \"-\" \"HTTPie\"","service":"acquisitions-api","timestamp":"2025-09-28T16:37:57.827Z"}
{"level":"info","message":"User Signed Out Successfully","service":"acquisitions-api","timestamp":"2025-09-28T16:37:58.026Z"}
{"level":"info","message":"::1 - - [28/Sep/2025:16:37:58 +0000] \"POST /api/auth/sign-out HTTP/1.1\" 200 33 \"-\" \"HTTPie\"","service":"acquisitions-api","timestamp":"2025-09-28T16:37:58.027Z"}
{"level":"info","message":"User Signed Out Successfully","service":"acquisitions-api","timestamp":"2025-09-28T16:37:58.195Z"}
{"level":"info","message":"::1 - - [28/Sep/2025:16:37:58 +0000] \"POST /api/auth/sign-out HTTP/1.1\" 200 33 \"-\" \"HTTPie\"","service":"acquisitions-api","timestamp":"2025-09-28T16:37:58.195Z"}
{"level":"info","message":"User Signed Out Successfully","service":"acquisitions-api","timestamp":"2025-09-28T16:37:58.388Z"}
{"level":"info","message":"::1 - - [28/Sep/2025:16:37:58 +0000] \"POST /api/auth/sign-out HTTP/1.1\" 200 33 \"-\" \"HTTPie\"","service":"acquisitions-api","timestamp":"2025-09-28T16:37:58.389Z"}
{"level":"info","message":"User Signed Out Successfully","service":"acquisitions-api","timestamp":"2025-09-28T16:37:58.568Z"}
{"level":"info","message":"::1 - - [28/Sep/2025:16:37:58 +0000] \"POST /api/auth/sign-out HTTP/1.1\" 200 33 \"-\" \"HTTPie\"","service":"acquisitions-api","timestamp":"2025-09-28T16:37:58.572Z"}
{"level":"info","message":"User Signed Out Successfully","service":"acquisitions-api","timestamp":"2025-09-28T16:37:58.723Z"}
{"level":"info","message":"::1 - - [28/Sep/2025:16:37:58 +0000] \"POST /api/auth/sign-out HTTP/1.1\" 200 33 \"-\" \"HTTPie\"","service":"acquisitions-api","timestamp":"2025-09-28T16:37:58.724Z"}
{"level":"info","message":"User Signed Out Successfully","service":"acquisitions-api","timestamp":"2025-09-28T16:37:58.910Z"}
{"level":"info","message":"::1 - - [28/Sep/2025:16:37:58 +0000] \"POST /api/auth/sign-out HTTP/1.1\" 200 33 \"-\" \"HTTPie\"","service":"acquisitions-api","timestamp":"2025-09-28T16:37:58.911Z"}
{"level":"info","message":"User Signed Out Successfully","service":"acquisitions-api","timestamp":"2025-09-28T16:37:59.193Z"}
{"level":"info","message":"::1 - - [28/Sep/2025:16:37:59 +0000] \"POST /api/auth/sign-out HTTP/1.1\" 200 33 \"-\" \"HTTPie\"","service":"acquisitions-api","timestamp":"2025-09-28T16:37:59.194Z"}
{"level":"info","message":"User Signed Out Successfully","service":"acquisitions-api","timestamp":"2025-09-28T16:37:59.428Z"}
{"level":"info","message":"::1 - - [28/Sep/2025:16:37:59 +0000] \"POST /api/auth/sign-out HTTP/1.1\" 200 33 \"-\" \"HTTPie\"","service":"acquisitions-api","timestamp":"2025-09-28T16:37:59.429Z"}
{"level":"info","message":"User Signed Out Successfully","service":"acquisitions-api","timestamp":"2025-09-28T16:37:59.754Z"}
{"level":"info","message":"::1 - - [28/Sep/2025:16:37:59 +0000] \"POST /api/auth/sign-out HTTP/1.1\" 200 33 \"-\" \"HTTPie\"","service":"acquisitions-api","timestamp":"2025-09-28T16:37:59.755Z"}
{"level":"info","message":"User Signed Out Successfully","service":"acquisitions-api","timestamp":"2025-09-28T16:38:00.184Z"}
{"level":"info","message":"::1 - - [28/Sep/2025:16:38:00 +0000] \"POST /api/auth/sign-out HTTP/1.1\" 200 33 \"-\" \"HTTPie\"","service":"acquisitions-api","timestamp":"2025-09-28T16:38:00.185Z"}
{"level":"info","message":"User Signed Out Successfully","service":"acquisitions-api","timestamp":"2025-09-28T16:38:00.390Z"}
{"level":"info","message":"::1 - - [28/Sep/2025:16:38:00 +0000] \"POST /api/auth/sign-out HTTP/1.1\" 200 33 \"-\" \"HTTPie\"","service":"acquisitions-api","timestamp":"2025-09-28T16:38:00.391Z"}
{"level":"info","message":"User Signed Out Successfully","service":"acquisitions-api","timestamp":"2025-09-28T16:38:00.599Z"}
{"level":"info","message":"::1 - - [28/Sep/2025:16:38:00 +0000] \"POST /api/auth/sign-out HTTP/1.1\" 200 33 \"-\" \"HTTPie\"","service":"acquisitions-api","timestamp":"2025-09-28T16:38:00.600Z"}
{"level":"info","message":"User Signed Out Successfully","service":"acquisitions-api","timestamp":"2025-09-28T16:38:00.796Z"}
{"level":"info","message":"::1 - - [28/Sep/2025:16:38:00 +0000] \"POST /api/auth/sign-out HTTP/1.1\" 200 33 \"-\" \"HTTPie\"","service":"acquisitions-api","timestamp":"2025-09-28T16:38:00.797Z"}
{"level":"info","message":"User Signed Out Successfully","service":"acquisitions-api","timestamp":"2025-09-28T16:38:00.956Z"}
{"level":"info","message":"::1 - - [28/Sep/2025:16:38:00 +0000] \"POST /api/auth/sign-out HTTP/1.1\" 200 33 \"-\" \"HTTPie\"","service":"acquisitions-api","timestamp":"2025-09-28T16:38:00.957Z"}
{"level":"info","message":"User Signed Out Successfully","service":"acquisitions-api","timestamp":"2025-09-28T16:38:01.145Z"}
{"level":"info","message":"::1 - - [28/Sep/2025:16:38:01 +0000] \"POST /api/auth/sign-out HTTP/1.1\" 200 33 \"-\" \"HTTPie\"","service":"acquisitions-api","timestamp":"2025-09-28T16:38:01.147Z"}
{"level":"info","message":"User Signed Out Successfully","service":"acquisitions-api","timestamp":"2025-09-28T16:38:01.317Z"}
{"level":"info","message":"::1 - - [28/Sep/2025:16:38:01 +0000] \"POST /api/auth/sign-out HTTP/1.1\" 200 33 \"-\" \"HTTPie\"","service":"acquisitions-api","timestamp":"2025-09-28T16:38:01.319Z"}
{"level":"info","message":"User Signed Out Successfully","service":"acquisitions-api","timestamp":"2025-09-28T16:38:01.493Z"}
{"level":"info","message":"::1 - - [28/Sep/2025:16:38:01 +0000] \"POST /api/auth/sign-out HTTP/1.1\" 200 33 \"-\" \"HTTPie\"","service":"acquisitions-api","timestamp":"2025-09-28T16:38:01.494Z"}
{"level":"info","message":"User Signed Out Successfully","service":"acquisitions-api","timestamp":"2025-09-28T16:38:01.677Z"}
{"level":"info","message":"::1 - - [28/Sep/2025:16:38:01 +0000] \"POST /api/auth/sign-out HTTP/1.1\" 200 33 \"-\" \"HTTPie\"","service":"acquisitions-api","timestamp":"2025-09-28T16:38:01.677Z"}
{"level":"info","message":"User Signed Out Successfully","service":"acquisitions-api","timestamp":"2025-09-28T16:38:01.874Z"}
{"level":"info","message":"::1 - - [28/Sep/2025:16:38:01 +0000] \"POST /api/auth/sign-out HTTP/1.1\" 200 33 \"-\" \"HTTPie\"","service":"acquisitions-api","timestamp":"2025-09-28T16:38:01.875Z"}
{"level":"info","message":"User Signed Out Successfully","service":"acquisitions-api","timestamp":"2025-09-28T16:38:02.015Z"}
{"level":"info","message":"::1 - - [28/Sep/2025:16:38:02 +0000] \"POST /api/auth/sign-out HTTP/1.1\" 200 33 \"-\" \"HTTPie\"","service":"acquisitions-api","timestamp":"2025-09-28T16:38:02.016Z"}
{"level":"info","message":"User Signed Out Successfully","service":"acquisitions-api","timestamp":"2025-09-28T16:38:02.180Z"}
{"level":"info","message":"::1 - - [28/Sep/2025:16:38:02 +0000] \"POST /api/auth/sign-out HTTP/1.1\" 200 33 \"-\" \"HTTPie\"","service":"acquisitions-api","timestamp":"2025-09-28T16:38:02.181Z"}
{"level":"info","message":"User Signed Out Successfully","service":"acquisitions-api","timestamp":"2025-09-28T16:38:02.366Z"}
{"level":"info","message":"::1 - - [28/Sep/2025:16:38:02 +0000] \"POST /api/auth/sign-out HTTP/1.1\" 200 33 \"-\" \"HTTPie\"","service":"acquisitions-api","timestamp":"2025-09-28T16:38:02.368Z"}
{"level":"info","message":"User Signed Out Successfully","service":"acquisitions-api","timestamp":"2025-09-28T16:38:02.524Z"}
{"level":"info","message":"::1 - - [28/Sep/2025:16:38:02 +0000] \"POST /api/auth/sign-out HTTP/1.1\" 200 33 \"-\" \"HTTPie\"","service":"acquisitions-api","timestamp":"2025-09-28T16:38:02.525Z"}
{"level":"info","message":"User Signed Out Successfully","service":"acquisitions-api","timestamp":"2025-09-28T16:38:02.682Z"}
{"level":"info","message":"::1 - - [28/Sep/2025:16:38:02 +0000] \"POST /api/auth/sign-out HTTP/1.1\" 200 33 \"-\" \"HTTPie\"","service":"acquisitions-api","timestamp":"2025-09-28T16:38:02.682Z"}
{"level":"info","message":"User Signed Out Successfully","service":"acquisitions-api","timestamp":"2025-09-28T16:38:02.856Z"}
{"level":"info","message":"::1 - - [28/Sep/2025:16:38:02 +0000] \"POST /api/auth/sign-out HTTP/1.1\" 200 33 \"-\" \"HTTPie\"","service":"acquisitions-api","timestamp":"2025-09-28T16:38:02.857Z"}
{"level":"info","message":"User Signed Out Successfully","service":"acquisitions-api","timestamp":"2025-09-28T16:38:03.024Z"}
{"level":"info","message":"::1 - - [28/Sep/2025:16:38:03 +0000] \"POST /api/auth/sign-out HTTP/1.1\" 200 33 \"-\" \"HTTPie\"","service":"acquisitions-api","timestamp":"2025-09-28T16:38:03.025Z"}
{"level":"info","message":"User Signed Out Successfully","service":"acquisitions-api","timestamp":"2025-09-28T16:38:03.188Z"}
{"level":"info","message":"::1 - - [28/Sep/2025:16:38:03 +0000] \"POST /api/auth/sign-out HTTP/1.1\" 200 33 \"-\" \"HTTPie\"","service":"acquisitions-api","timestamp":"2025-09-28T16:38:03.189Z"}
{"level":"info","message":"User Signed Out Successfully","service":"acquisitions-api","timestamp":"2025-09-28T16:38:03.354Z"}
{"level":"info","message":"::1 - - [28/Sep/2025:16:38:03 +0000] \"POST /api/auth/sign-out HTTP/1.1\" 200 33 \"-\" \"HTTPie\"","service":"acquisitions-api","timestamp":"2025-09-28T16:38:03.355Z"}
{"level":"info","message":"User Signed Out Successfully","service":"acquisitions-api","timestamp":"2025-09-28T16:38:03.501Z"}
{"level":"info","message":"::1 - - [28/Sep/2025:16:38:03 +0000] \"POST /api/auth/sign-out HTTP/1.1\" 200 33 \"-\" \"HTTPie\"","service":"acquisitions-api","timestamp":"2025-09-28T16:38:03.502Z"}
{"level":"info","message":"User Signed Out Successfully","service":"acquisitions-api","timestamp":"2025-09-28T16:38:03.674Z"}
{"level":"info","message":"::1 - - [28/Sep/2025:16:38:03 +0000] \"POST /api/auth/sign-out HTTP/1.1\" 200 33 \"-\" \"HTTPie\"","service":"acquisitions-api","timestamp":"2025-09-28T16:38:03.675Z"}
{"level":"info","message":"User Signed Out Successfully","service":"acquisitions-api","timestamp":"2025-09-28T16:38:03.827Z"}
{"level":"info","message":"::1 - - [28/Sep/2025:16:38:03 +0000] \"POST /api/auth/sign-out HTTP/1.1\" 200 33 \"-\" \"HTTPie\"","service":"acquisitions-api","timestamp":"2025-09-28T16:38:03.828Z"}
{"level":"info","message":"User Signed Out Successfully","service":"acquisitions-api","timestamp":"2025-09-28T16:38:03.976Z"}
{"level":"info","message":"::1 - - [28/Sep/2025:16:38:03 +0000] \"POST /api/auth/sign-out HTTP/1.1\" 200 33 \"-\" \"HTTPie\"","service":"acquisitions-api","timestamp":"2025-09-28T16:38:03.977Z"}
{"level":"info","message":"User Signed Out Successfully","service":"acquisitions-api","timestamp":"2025-09-28T16:38:04.154Z"}
{"level":"info","message":"::1 - - [28/Sep/2025:16:38:04 +0000] \"POST /api/auth/sign-out HTTP/1.1\" 200 33 \"-\" \"HTTPie\"","service":"acquisitions-api","timestamp":"2025-09-28T16:38:04.155Z"}
{"level":"info","message":"User Signed Out Successfully","service":"acquisitions-api","timestamp":"2025-09-28T16:38:04.334Z"}
{"level":"info","message":"::1 - - [28/Sep/2025:16:38:04 +0000] \"POST /api/auth/sign-out HTTP/1.1\" 200 33 \"-\" \"HTTPie\"","service":"acquisitions-api","timestamp":"2025-09-28T16:38:04.335Z"}
{"level":"info","message":"User Signed Out Successfully","service":"acquisitions-api","timestamp":"2025-09-28T16:38:04.514Z"}
{"level":"info","message":"::1 - - [28/Sep/2025:16:38:04 +0000] \"POST /api/auth/sign-out HTTP/1.1\" 200 33 \"-\" \"HTTPie\"","service":"acquisitions-api","timestamp":"2025-09-28T16:38:04.515Z"}
{"level":"info","message":"User Signed Out Successfully","service":"acquisitions-api","timestamp":"2025-09-28T16:38:04.670Z"}
{"level":"info","message":"::1 - - [28/Sep/2025:16:38:04 +0000] \"POST /api/auth/sign-out HTTP/1.1\" 200 33 \"-\" \"HTTPie\"","service":"acquisitions-api","timestamp":"2025-09-28T16:38:04.671Z"}
{"level":"info","message":"User Signed Out Successfully","service":"acquisitions-api","timestamp":"2025-09-28T16:38:04.837Z"}
{"level":"info","message":"::1 - - [28/Sep/2025:16:38:04 +0000] \"POST /api/auth/sign-out HTTP/1.1\" 200 33 \"-\" \"HTTPie\"","service":"acquisitions-api","timestamp":"2025-09-28T16:38:04.838Z"}
{"level":"info","message":"User Signed Out Successfully","service":"acquisitions-api","timestamp":"2025-09-28T16:38:05.012Z"}
{"level":"info","message":"::1 - - [28/Sep/2025:16:38:05 +0000] \"POST /api/auth/sign-out HTTP/1.1\" 200 33 \"-\" \"HTTPie\"","service":"acquisitions-api","timestamp":"2025-09-28T16:38:05.013Z"}
{"level":"info","message":"User Signed Out Successfully","service":"acquisitions-api","timestamp":"2025-09-28T16:38:05.174Z"}
{"level":"info","message":"::1 - - [28/Sep/2025:16:38:05 +0000] \"POST /api/auth/sign-out HTTP/1.1\" 200 33 \"-\" \"HTTPie\"","service":"acquisitions-api","timestamp":"2025-09-28T16:38:05.175Z"}
{"level":"info","message":"User Signed Out Successfully","service":"acquisitions-api","timestamp":"2025-09-28T16:38:05.359Z"}
{"level":"info","message":"::1 - - [28/Sep/2025:16:38:05 +0000] \"POST /api/auth/sign-out HTTP/1.1\" 200 33 \"-\" \"HTTPie\"","service":"acquisitions-api","timestamp":"2025-09-28T16:38:05.360Z"}
{"level":"info","message":"User Signed Out Successfully","service":"acquisitions-api","timestamp":"2025-09-28T16:38:05.508Z"}
{"level":"info","message":"::1 - - [28/Sep/2025:16:38:05 +0000] \"POST /api/auth/sign-out HTTP/1.1\" 200 33 \"-\" \"HTTPie\"","service":"acquisitions-api","timestamp":"2025-09-28T16:38:05.509Z"}
{"level":"info","message":"User Signed Out Successfully","service":"acquisitions-api","timestamp":"2025-09-28T16:38:05.692Z"}
{"level":"info","message":"::1 - - [28/Sep/2025:16:38:05 +0000] \"POST /api/auth/sign-out HTTP/1.1\" 200 33 \"-\" \"HTTPie\"","service":"acquisitions-api","timestamp":"2025-09-28T16:38:05.693Z"}
{"level":"info","message":"User Signed Out Successfully","service":"acquisitions-api","timestamp":"2025-09-28T16:38:05.851Z"}
{"level":"info","message":"::1 - - [28/Sep/2025:16:38:05 +0000] \"POST /api/auth/sign-out HTTP/1.1\" 200 33 \"-\" \"HTTPie\"","service":"acquisitions-api","timestamp":"2025-09-28T16:38:05.852Z"}
{"level":"info","message":"User Signed Out Successfully","service":"acquisitions-api","timestamp":"2025-09-28T16:38:06.035Z"}
{"level":"info","message":"::1 - - [28/Sep/2025:16:38:06 +0000] \"POST /api/auth/sign-out HTTP/1.1\" 200 33 \"-\" \"HTTPie\"","service":"acquisitions-api","timestamp":"2025-09-28T16:38:06.036Z"}
{"level":"info","message":"Hello from Acquisitions!","service":"acquisitions-api","timestamp":"2025-09-28T16:38:43.835Z"}
{"level":"info","message":"::ffff:127.0.0.1 - - [28/Sep/2025:16:38:43 +0000] \"GET / HTTP/1.1\" 200 23 \"-\" \"Mozilla/5.0 (Windows NT 10.0; Win64; x64; rv:143.0) Gecko/20100101 Firefox/143.0\"","service":"acquisitions-api","timestamp":"2025-09-28T16:38:43.845Z"}
{"level":"info","message":"::ffff:127.0.0.1 - - [28/Sep/2025:16:38:43 +0000] \"GET /favicon.ico HTTP/1.1\" - - \"-\" \"Mozilla/5.0 (Windows NT 10.0; Win64; x64; rv:143.0) Gecko/20100101 Firefox/143.0\"","service":"acquisitions-api","timestamp":"2025-09-28T16:38:43.968Z"}
{"level":"info","message":"::ffff:127.0.0.1 - - [28/Sep/2025:16:38:46 +0000] \"GET / HTTP/1.1\" - - \"-\" \"Mozilla/5.0 (Windows NT 10.0; Win64; x64; rv:143.0) Gecko/20100101 Firefox/143.0\"","service":"acquisitions-api","timestamp":"2025-09-28T16:38:46.355Z"}
{"level":"info","message":"Hello from Acquisitions!","service":"acquisitions-api","timestamp":"2025-09-28T16:38:46.375Z"}
{"level":"info","message":"Hello from Acquisitions!","service":"acquisitions-api","timestamp":"2025-09-28T16:38:46.569Z"}
{"level":"info","message":"::ffff:127.0.0.1 - - [28/Sep/2025:16:38:46 +0000] \"GET / HTTP/1.1\" 304 - \"-\" \"Mozilla/5.0 (Windows NT 10.0; Win64; x64; rv:143.0) Gecko/20100101 Firefox/143.0\"","service":"acquisitions-api","timestamp":"2025-09-28T16:38:46.571Z"}
{"level":"info","message":"::ffff:127.0.0.1 - - [28/Sep/2025:16:38:46 +0000] \"GET /favicon.ico HTTP/1.1\" - - \"-\" \"Mozilla/5.0 (Windows NT 10.0; Win64; x64; rv:143.0) Gecko/20100101 Firefox/143.0\"","service":"acquisitions-api","timestamp":"2025-09-28T16:38:46.639Z"}
{"level":"info","message":"Hello from Acquisitions!","service":"acquisitions-api","timestamp":"2025-09-28T16:38:46.898Z"}
{"level":"info","message":"::ffff:127.0.0.1 - - [28/Sep/2025:16:38:46 +0000] \"GET / HTTP/1.1\" 304 - \"-\" \"Mozilla/5.0 (Windows NT 10.0; Win64; x64; rv:143.0) Gecko/20100101 Firefox/143.0\"","service":"acquisitions-api","timestamp":"2025-09-28T16:38:46.899Z"}
{"level":"info","message":"Hello from Acquisitions!","service":"acquisitions-api","timestamp":"2025-09-28T16:38:47.248Z"}
{"level":"info","message":"::ffff:127.0.0.1 - - [28/Sep/2025:16:38:47 +0000] \"GET / HTTP/1.1\" 304 - \"-\" \"Mozilla/5.0 (Windows NT 10.0; Win64; x64; rv:143.0) Gecko/20100101 Firefox/143.0\"","service":"acquisitions-api","timestamp":"2025-09-28T16:38:47.249Z"}
{"level":"info","message":"Hello from Acquisitions!","service":"acquisitions-api","timestamp":"2025-09-28T16:38:47.603Z"}
{"level":"info","message":"::ffff:127.0.0.1 - - [28/Sep/2025:16:38:47 +0000] \"GET / HTTP/1.1\" 304 - \"-\" \"Mozilla/5.0 (Windows NT 10.0; Win64; x64; rv:143.0) Gecko/20100101 Firefox/143.0\"","service":"acquisitions-api","timestamp":"2025-09-28T16:38:47.604Z"}
{"level":"info","message":"Hello from Acquisitions!","service":"acquisitions-api","timestamp":"2025-09-28T16:38:47.971Z"}
{"level":"info","message":"::ffff:127.0.0.1 - - [28/Sep/2025:16:38:47 +0000] \"GET / HTTP/1.1\" 304 - \"-\" \"Mozilla/5.0 (Windows NT 10.0; Win64; x64; rv:143.0) Gecko/20100101 Firefox/143.0\"","service":"acquisitions-api","timestamp":"2025-09-28T16:38:47.973Z"}
{"level":"info","message":"Hello from Acquisitions!","service":"acquisitions-api","timestamp":"2025-09-28T16:38:48.314Z"}
{"level":"info","message":"::ffff:127.0.0.1 - - [28/Sep/2025:16:38:48 +0000] \"GET / HTTP/1.1\" 304 - \"-\" \"Mozilla/5.0 (Windows NT 10.0; Win64; x64; rv:143.0) Gecko/20100101 Firefox/143.0\"","service":"acquisitions-api","timestamp":"2025-09-28T16:38:48.315Z"}
{"level":"info","message":"Hello from Acquisitions!","service":"acquisitions-api","timestamp":"2025-09-28T16:38:48.716Z"}
{"level":"info","message":"::ffff:127.0.0.1 - - [28/Sep/2025:16:38:48 +0000] \"GET / HTTP/1.1\" 304 - \"-\" \"Mozilla/5.0 (Windows NT 10.0; Win64; x64; rv:143.0) Gecko/20100101 Firefox/143.0\"","service":"acquisitions-api","timestamp":"2025-09-28T16:38:48.718Z"}
{"level":"info","message":"Hello from Acquisitions!","service":"acquisitions-api","timestamp":"2025-09-28T16:38:49.037Z"}
{"level":"info","message":"::ffff:127.0.0.1 - - [28/Sep/2025:16:38:49 +0000] \"GET / HTTP/1.1\" 304 - \"-\" \"Mozilla/5.0 (Windows NT 10.0; Win64; x64; rv:143.0) Gecko/20100101 Firefox/143.0\"","service":"acquisitions-api","timestamp":"2025-09-28T16:38:49.039Z"}
{"level":"info","message":"Hello from Acquisitions!","service":"acquisitions-api","timestamp":"2025-09-28T16:38:49.400Z"}
{"level":"info","message":"::ffff:127.0.0.1 - - [28/Sep/2025:16:38:49 +0000] \"GET / HTTP/1.1\" 304 - \"-\" \"Mozilla/5.0 (Windows NT 10.0; Win64; x64; rv:143.0) Gecko/20100101 Firefox/143.0\"","service":"acquisitions-api","timestamp":"2025-09-28T16:38:49.402Z"}
{"level":"info","message":"Hello from Acquisitions!","service":"acquisitions-api","timestamp":"2025-09-28T16:38:49.773Z"}
{"level":"info","message":"::ffff:127.0.0.1 - - [28/Sep/2025:16:38:49 +0000] \"GET / HTTP/1.1\" 304 - \"-\" \"Mozilla/5.0 (Windows NT 10.0; Win64; x64; rv:143.0) Gecko/20100101 Firefox/143.0\"","service":"acquisitions-api","timestamp":"2025-09-28T16:38:49.775Z"}
{"level":"info","message":"Hello from Acquisitions!","service":"acquisitions-api","timestamp":"2025-09-28T16:38:50.142Z"}
{"level":"info","message":"::ffff:127.0.0.1 - - [28/Sep/2025:16:38:50 +0000] \"GET / HTTP/1.1\" 304 - \"-\" \"Mozilla/5.0 (Windows NT 10.0; Win64; x64; rv:143.0) Gecko/20100101 Firefox/143.0\"","service":"acquisitions-api","timestamp":"2025-09-28T16:38:50.143Z"}
{"level":"info","message":"Hello from Acquisitions!","service":"acquisitions-api","timestamp":"2025-09-28T16:38:50.526Z"}
{"level":"info","message":"::ffff:127.0.0.1 - - [28/Sep/2025:16:38:50 +0000] \"GET / HTTP/1.1\" 304 - \"-\" \"Mozilla/5.0 (Windows NT 10.0; Win64; x64; rv:143.0) Gecko/20100101 Firefox/143.0\"","service":"acquisitions-api","timestamp":"2025-09-28T16:38:50.527Z"}
{"level":"info","message":"Hello from Acquisitions!","service":"acquisitions-api","timestamp":"2025-09-28T16:38:50.862Z"}
{"level":"info","message":"::ffff:127.0.0.1 - - [28/Sep/2025:16:38:50 +0000] \"GET / HTTP/1.1\" 304 - \"-\" \"Mozilla/5.0 (Windows NT 10.0; Win64; x64; rv:143.0) Gecko/20100101 Firefox/143.0\"","service":"acquisitions-api","timestamp":"2025-09-28T16:38:50.863Z"}
{"level":"info","message":"Hello from Acquisitions!","service":"acquisitions-api","timestamp":"2025-09-28T16:38:51.045Z"}
{"level":"info","message":"::ffff:127.0.0.1 - - [28/Sep/2025:16:38:51 +0000] \"GET / HTTP/1.1\" 304 - \"-\" \"Mozilla/5.0 (Windows NT 10.0; Win64; x64; rv:143.0) Gecko/20100101 Firefox/143.0\"","service":"acquisitions-api","timestamp":"2025-09-28T16:38:51.047Z"}
{"level":"info","message":"Hello from Acquisitions!","service":"acquisitions-api","timestamp":"2025-09-28T16:38:51.409Z"}
{"level":"info","message":"::ffff:127.0.0.1 - - [28/Sep/2025:16:38:51 +0000] \"GET / HTTP/1.1\" 304 - \"-\" \"Mozilla/5.0 (Windows NT 10.0; Win64; x64; rv:143.0) Gecko/20100101 Firefox/143.0\"","service":"acquisitions-api","timestamp":"2025-09-28T16:38:51.411Z"}
{"level":"info","message":"Hello from Acquisitions!","service":"acquisitions-api","timestamp":"2025-09-28T16:38:51.810Z"}
{"level":"info","message":"::ffff:127.0.0.1 - - [28/Sep/2025:16:38:51 +0000] \"GET / HTTP/1.1\" 304 - \"-\" \"Mozilla/5.0 (Windows NT 10.0; Win64; x64; rv:143.0) Gecko/20100101 Firefox/143.0\"","service":"acquisitions-api","timestamp":"2025-09-28T16:38:51.812Z"}
{"level":"info","message":"Hello from Acquisitions!","service":"acquisitions-api","timestamp":"2025-09-28T16:38:52.120Z"}
{"level":"info","message":"::ffff:127.0.0.1 - - [28/Sep/2025:16:38:52 +0000] \"GET / HTTP/1.1\" 304 - \"-\" \"Mozilla/5.0 (Windows NT 10.0; Win64; x64; rv:143.0) Gecko/20100101 Firefox/143.0\"","service":"acquisitions-api","timestamp":"2025-09-28T16:38:52.121Z"}
{"level":"info","message":"Hello from Acquisitions!","service":"acquisitions-api","timestamp":"2025-09-28T16:38:53.108Z"}
{"level":"info","message":"::ffff:127.0.0.1 - - [28/Sep/2025:16:38:53 +0000] \"GET / HTTP/1.1\" 304 - \"-\" \"Mozilla/5.0 (Windows NT 10.0; Win64; x64; rv:143.0) Gecko/20100101 Firefox/143.0\"","service":"acquisitions-api","timestamp":"2025-09-28T16:38:53.109Z"}
{"level":"info","message":"Hello from Acquisitions!","service":"acquisitions-api","timestamp":"2025-09-28T16:38:53.406Z"}
{"level":"info","message":"::ffff:127.0.0.1 - - [28/Sep/2025:16:38:53 +0000] \"GET / HTTP/1.1\" 304 - \"-\" \"Mozilla/5.0 (Windows NT 10.0; Win64; x64; rv:143.0) Gecko/20100101 Firefox/143.0\"","service":"acquisitions-api","timestamp":"2025-09-28T16:38:53.407Z"}
{"level":"info","message":"Hello from Acquisitions!","service":"acquisitions-api","timestamp":"2025-09-28T16:38:53.632Z"}
{"level":"info","message":"::ffff:127.0.0.1 - - [28/Sep/2025:16:38:53 +0000] \"GET / HTTP/1.1\" 304 - \"-\" \"Mozilla/5.0 (Windows NT 10.0; Win64; x64; rv:143.0) Gecko/20100101 Firefox/143.0\"","service":"acquisitions-api","timestamp":"2025-09-28T16:38:53.633Z"}
{"level":"info","message":"Hello from Acquisitions!","service":"acquisitions-api","timestamp":"2025-09-28T16:38:54.002Z"}
{"level":"info","message":"::ffff:127.0.0.1 - - [28/Sep/2025:16:38:54 +0000] \"GET / HTTP/1.1\" 304 - \"-\" \"Mozilla/5.0 (Windows NT 10.0; Win64; x64; rv:143.0) Gecko/20100101 Firefox/143.0\"","service":"acquisitions-api","timestamp":"2025-09-28T16:38:54.004Z"}
{"level":"info","message":"Hello from Acquisitions!","service":"acquisitions-api","timestamp":"2025-09-28T16:38:54.199Z"}
{"level":"info","message":"::ffff:127.0.0.1 - - [28/Sep/2025:16:38:54 +0000] \"GET / HTTP/1.1\" 304 - \"-\" \"Mozilla/5.0 (Windows NT 10.0; Win64; x64; rv:143.0) Gecko/20100101 Firefox/143.0\"","service":"acquisitions-api","timestamp":"2025-09-28T16:38:54.200Z"}
{"level":"info","message":"Hello from Acquisitions!","service":"acquisitions-api","timestamp":"2025-09-28T16:38:54.405Z"}
{"level":"info","message":"::ffff:127.0.0.1 - - [28/Sep/2025:16:38:54 +0000] \"GET / HTTP/1.1\" 304 - \"-\" \"Mozilla/5.0 (Windows NT 10.0; Win64; x64; rv:143.0) Gecko/20100101 Firefox/143.0\"","service":"acquisitions-api","timestamp":"2025-09-28T16:38:54.406Z"}
{"level":"info","message":"Hello from Acquisitions!","service":"acquisitions-api","timestamp":"2025-09-28T16:38:54.771Z"}
{"level":"info","message":"::ffff:127.0.0.1 - - [28/Sep/2025:16:38:54 +0000] \"GET / HTTP/1.1\" 304 - \"-\" \"Mozilla/5.0 (Windows NT 10.0; Win64; x64; rv:143.0) Gecko/20100101 Firefox/143.0\"","service":"acquisitions-api","timestamp":"2025-09-28T16:38:54.772Z"}
{"level":"info","message":"Hello from Acquisitions!","service":"acquisitions-api","timestamp":"2025-09-28T16:38:54.961Z"}
{"level":"info","message":"::ffff:127.0.0.1 - - [28/Sep/2025:16:38:54 +0000] \"GET / HTTP/1.1\" 304 - \"-\" \"Mozilla/5.0 (Windows NT 10.0; Win64; x64; rv:143.0) Gecko/20100101 Firefox/143.0\"","service":"acquisitions-api","timestamp":"2025-09-28T16:38:54.963Z"}
{"level":"info","message":"Hello from Acquisitions!","service":"acquisitions-api","timestamp":"2025-09-28T16:38:55.335Z"}
{"level":"info","message":"::ffff:127.0.0.1 - - [28/Sep/2025:16:38:55 +0000] \"GET / HTTP/1.1\" 304 - \"-\" \"Mozilla/5.0 (Windows NT 10.0; Win64; x64; rv:143.0) Gecko/20100101 Firefox/143.0\"","service":"acquisitions-api","timestamp":"2025-09-28T16:38:55.336Z"}
{"level":"info","message":"Hello from Acquisitions!","service":"acquisitions-api","timestamp":"2025-09-28T16:38:55.522Z"}
{"level":"info","message":"::ffff:127.0.0.1 - - [28/Sep/2025:16:38:55 +0000] \"GET / HTTP/1.1\" 304 - \"-\" \"Mozilla/5.0 (Windows NT 10.0; Win64; x64; rv:143.0) Gecko/20100101 Firefox/143.0\"","service":"acquisitions-api","timestamp":"2025-09-28T16:38:55.523Z"}
{"level":"info","message":"Hello from Acquisitions!","service":"acquisitions-api","timestamp":"2025-09-28T16:38:55.930Z"}
{"level":"info","message":"::ffff:127.0.0.1 - - [28/Sep/2025:16:38:55 +0000] \"GET / HTTP/1.1\" 304 - \"-\" \"Mozilla/5.0 (Windows NT 10.0; Win64; x64; rv:143.0) Gecko/20100101 Firefox/143.0\"","service":"acquisitions-api","timestamp":"2025-09-28T16:38:55.931Z"}
{"level":"info","message":"Hello from Acquisitions!","service":"acquisitions-api","timestamp":"2025-09-28T16:38:56.294Z"}
{"level":"info","message":"::ffff:127.0.0.1 - - [28/Sep/2025:16:38:56 +0000] \"GET / HTTP/1.1\" 304 - \"-\" \"Mozilla/5.0 (Windows NT 10.0; Win64; x64; rv:143.0) Gecko/20100101 Firefox/143.0\"","service":"acquisitions-api","timestamp":"2025-09-28T16:38:56.295Z"}
{"level":"info","message":"Hello from Acquisitions!","service":"acquisitions-api","timestamp":"2025-09-28T16:38:56.652Z"}
{"level":"info","message":"::ffff:127.0.0.1 - - [28/Sep/2025:16:38:56 +0000] \"GET / HTTP/1.1\" 304 - \"-\" \"Mozilla/5.0 (Windows NT 10.0; Win64; x64; rv:143.0) Gecko/20100101 Firefox/143.0\"","service":"acquisitions-api","timestamp":"2025-09-28T16:38:56.653Z"}
{"level":"info","message":"Hello from Acquisitions!","service":"acquisitions-api","timestamp":"2025-09-28T16:38:56.834Z"}
{"level":"info","message":"::ffff:127.0.0.1 - - [28/Sep/2025:16:38:56 +0000] \"GET / HTTP/1.1\" 304 - \"-\" \"Mozilla/5.0 (Windows NT 10.0; Win64; x64; rv:143.0) Gecko/20100101 Firefox/143.0\"","service":"acquisitions-api","timestamp":"2025-09-28T16:38:56.835Z"}
{"level":"info","message":"Hello from Acquisitions!","service":"acquisitions-api","timestamp":"2025-09-28T16:38:57.197Z"}
{"level":"info","message":"::ffff:127.0.0.1 - - [28/Sep/2025:16:38:57 +0000] \"GET / HTTP/1.1\" 304 - \"-\" \"Mozilla/5.0 (Windows NT 10.0; Win64; x64; rv:143.0) Gecko/20100101 Firefox/143.0\"","service":"acquisitions-api","timestamp":"2025-09-28T16:38:57.197Z"}
{"level":"info","message":"Hello from Acquisitions!","service":"acquisitions-api","timestamp":"2025-09-28T16:38:57.566Z"}
{"level":"info","message":"::ffff:127.0.0.1 - - [28/Sep/2025:16:38:57 +0000] \"GET / HTTP/1.1\" 304 - \"-\" \"Mozilla/5.0 (Windows NT 10.0; Win64; x64; rv:143.0) Gecko/20100101 Firefox/143.0\"","service":"acquisitions-api","timestamp":"2025-09-28T16:38:57.567Z"}
{"level":"info","message":"Hello from Acquisitions!","service":"acquisitions-api","timestamp":"2025-09-28T16:38:57.740Z"}
{"level":"info","message":"::ffff:127.0.0.1 - - [28/Sep/2025:16:38:57 +0000] \"GET / HTTP/1.1\" 304 - \"-\" \"Mozilla/5.0 (Windows NT 10.0; Win64; x64; rv:143.0) Gecko/20100101 Firefox/143.0\"","service":"acquisitions-api","timestamp":"2025-09-28T16:38:57.741Z"}
{"level":"info","message":"Hello from Acquisitions!","service":"acquisitions-api","timestamp":"2025-09-28T16:38:57.901Z"}
{"level":"info","message":"::ffff:127.0.0.1 - - [28/Sep/2025:16:38:57 +0000] \"GET / HTTP/1.1\" 304 - \"-\" \"Mozilla/5.0 (Windows NT 10.0; Win64; x64; rv:143.0) Gecko/20100101 Firefox/143.0\"","service":"acquisitions-api","timestamp":"2025-09-28T16:38:57.902Z"}
{"level":"info","message":"Hello from Acquisitions!","service":"acquisitions-api","timestamp":"2025-09-28T16:38:58.078Z"}
{"level":"info","message":"::ffff:127.0.0.1 - - [28/Sep/2025:16:38:58 +0000] \"GET / HTTP/1.1\" 304 - \"-\" \"Mozilla/5.0 (Windows NT 10.0; Win64; x64; rv:143.0) Gecko/20100101 Firefox/143.0\"","service":"acquisitions-api","timestamp":"2025-09-28T16:38:58.079Z"}
{"level":"info","message":"Hello from Acquisitions!","service":"acquisitions-api","timestamp":"2025-09-28T16:38:58.406Z"}
{"level":"info","message":"::ffff:127.0.0.1 - - [28/Sep/2025:16:38:58 +0000] \"GET / HTTP/1.1\" 304 - \"-\" \"Mozilla/5.0 (Windows NT 10.0; Win64; x64; rv:143.0) Gecko/20100101 Firefox/143.0\"","service":"acquisitions-api","timestamp":"2025-09-28T16:38:58.407Z"}
{"level":"info","message":"Hello from Acquisitions!","service":"acquisitions-api","timestamp":"2025-09-28T16:38:58.748Z"}
{"level":"info","message":"::ffff:127.0.0.1 - - [28/Sep/2025:16:38:58 +0000] \"GET / HTTP/1.1\" 304 - \"-\" \"Mozilla/5.0 (Windows NT 10.0; Win64; x64; rv:143.0) Gecko/20100101 Firefox/143.0\"","service":"acquisitions-api","timestamp":"2025-09-28T16:38:58.749Z"}
{"level":"info","message":"Hello from Acquisitions!","service":"acquisitions-api","timestamp":"2025-09-28T16:38:59.234Z"}
{"level":"info","message":"::ffff:127.0.0.1 - - [28/Sep/2025:16:38:59 +0000] \"GET / HTTP/1.1\" 304 - \"-\" \"Mozilla/5.0 (Windows NT 10.0; Win64; x64; rv:143.0) Gecko/20100101 Firefox/143.0\"","service":"acquisitions-api","timestamp":"2025-09-28T16:38:59.235Z"}
{"level":"info","message":"::ffff:127.0.0.1 - - [28/Sep/2025:16:38:59 +0000] \"GET / HTTP/1.1\" - - \"-\" \"Mozilla/5.0 (Windows NT 10.0; Win64; x64; rv:143.0) Gecko/20100101 Firefox/143.0\"","service":"acquisitions-api","timestamp":"2025-09-28T16:38:59.562Z"}
{"level":"info","message":"Hello from Acquisitions!","service":"acquisitions-api","timestamp":"2025-09-28T16:38:59.574Z"}
{"level":"info","message":"::ffff:127.0.0.1 - - [28/Sep/2025:16:38:59 +0000] \"GET / HTTP/1.1\" - - \"-\" \"Mozilla/5.0 (Windows NT 10.0; Win64; x64; rv:143.0) Gecko/20100101 Firefox/143.0\"","service":"acquisitions-api","timestamp":"2025-09-28T16:38:59.890Z"}
{"level":"info","message":"Hello from Acquisitions!","service":"acquisitions-api","timestamp":"2025-09-28T16:39:00.168Z"}
{"level":"info","message":"Hello from Acquisitions!","service":"acquisitions-api","timestamp":"2025-09-28T16:39:00.250Z"}
{"level":"info","message":"::ffff:127.0.0.1 - - [28/Sep/2025:16:39:00 +0000] \"GET / HTTP/1.1\" 304 - \"-\" \"Mozilla/5.0 (Windows NT 10.0; Win64; x64; rv:143.0) Gecko/20100101 Firefox/143.0\"","service":"acquisitions-api","timestamp":"2025-09-28T16:39:00.251Z"}
{"level":"info","message":"::1 - - [28/Sep/2025:16:41:18 +0000] \"GET /health HTTP/1.1\" 200 74 \"-\" \"HTTPie\"","service":"acquisitions-api","timestamp":"2025-09-28T16:41:18.332Z"}
{"level":"info","message":"::1 - - [28/Sep/2025:17:09:26 +0000] \"GET /health HTTP/1.1\" 200 76 \"-\" \"HTTPie\"","service":"acquisitions-api","timestamp":"2025-09-28T17:09:26.877Z"}
{"level":"info","message":"::1 - - [28/Sep/2025:17:09:28 +0000] \"GET /health HTTP/1.1\" 200 76 \"-\" \"HTTPie\"","service":"acquisitions-api","timestamp":"2025-09-28T17:09:28.674Z"}
{"level":"info","message":"::1 - - [28/Sep/2025:17:09:29 +0000] \"GET /health HTTP/1.1\" 200 76 \"-\" \"HTTPie\"","service":"acquisitions-api","timestamp":"2025-09-28T17:09:29.054Z"}
{"level":"info","message":"::1 - - [28/Sep/2025:17:09:29 +0000] \"GET /health HTTP/1.1\" 200 76 \"-\" \"HTTPie\"","service":"acquisitions-api","timestamp":"2025-09-28T17:09:29.564Z"}
{"level":"info","message":"::1 - - [28/Sep/2025:17:09:29 +0000] \"GET /health HTTP/1.1\" 200 76 \"-\" \"HTTPie\"","service":"acquisitions-api","timestamp":"2025-09-28T17:09:29.811Z"}
{"level":"info","message":"::1 - - [28/Sep/2025:17:09:30 +0000] \"GET /health HTTP/1.1\" 200 76 \"-\" \"HTTPie\"","service":"acquisitions-api","timestamp":"2025-09-28T17:09:30.179Z"}
{"level":"info","message":"::1 - - [28/Sep/2025:17:09:30 +0000] \"GET /health HTTP/1.1\" 200 76 \"-\" \"HTTPie\"","service":"acquisitions-api","timestamp":"2025-09-28T17:09:30.334Z"}
{"level":"info","message":"::1 - - [28/Sep/2025:17:09:30 +0000] \"GET /health HTTP/1.1\" 200 76 \"-\" \"HTTPie\"","service":"acquisitions-api","timestamp":"2025-09-28T17:09:30.477Z"}
{"level":"info","message":"::1 - - [28/Sep/2025:17:09:30 +0000] \"GET /health HTTP/1.1\" 200 76 \"-\" \"HTTPie\"","service":"acquisitions-api","timestamp":"2025-09-28T17:09:30.674Z"}
{"level":"info","message":"::1 - - [28/Sep/2025:17:09:30 +0000] \"GET /health HTTP/1.1\" 200 76 \"-\" \"HTTPie\"","service":"acquisitions-api","timestamp":"2025-09-28T17:09:30.808Z"}
{"level":"info","message":"::1 - - [28/Sep/2025:17:09:30 +0000] \"GET /health HTTP/1.1\" 200 75 \"-\" \"HTTPie\"","service":"acquisitions-api","timestamp":"2025-09-28T17:09:30.971Z"}
{"level":"info","message":"::1 - - [28/Sep/2025:17:09:31 +0000] \"GET /health HTTP/1.1\" 200 76 \"-\" \"HTTPie\"","service":"acquisitions-api","timestamp":"2025-09-28T17:09:31.156Z"}
{"level":"info","message":"::1 - - [28/Sep/2025:17:09:31 +0000] \"GET /health HTTP/1.1\" 200 76 \"-\" \"HTTPie\"","service":"acquisitions-api","timestamp":"2025-09-28T17:09:31.389Z"}
{"level":"info","message":"::1 - - [28/Sep/2025:17:09:31 +0000] \"GET /health HTTP/1.1\" 200 76 \"-\" \"HTTPie\"","service":"acquisitions-api","timestamp":"2025-09-28T17:09:31.694Z"}
{"level":"info","message":"::1 - - [28/Sep/2025:17:09:31 +0000] \"GET /health HTTP/1.1\" 200 76 \"-\" \"HTTPie\"","service":"acquisitions-api","timestamp":"2025-09-28T17:09:31.861Z"}
{"level":"info","message":"::1 - - [28/Sep/2025:17:09:32 +0000] \"GET /health HTTP/1.1\" 200 76 \"-\" \"HTTPie\"","service":"acquisitions-api","timestamp":"2025-09-28T17:09:32.007Z"}
{"level":"info","message":"::1 - - [28/Sep/2025:17:09:32 +0000] \"GET /health HTTP/1.1\" 200 76 \"-\" \"HTTPie\"","service":"acquisitions-api","timestamp":"2025-09-28T17:09:32.161Z"}
{"level":"info","message":"::1 - - [28/Sep/2025:17:09:32 +0000] \"GET /health HTTP/1.1\" 200 76 \"-\" \"HTTPie\"","service":"acquisitions-api","timestamp":"2025-09-28T17:09:32.331Z"}
{"level":"info","message":"::1 - - [28/Sep/2025:17:15:14 +0000] \"GET /health HTTP/1.1\" 200 74 \"-\" \"HTTPie\"","service":"acquisitions-api","timestamp":"2025-09-28T17:15:14.193Z"}
{"level":"info","message":"::1 - - [28/Sep/2025:17:15:15 +0000] \"GET /health HTTP/1.1\" 200 74 \"-\" \"HTTPie\"","service":"acquisitions-api","timestamp":"2025-09-28T17:15:15.753Z"}
{"level":"info","message":"::1 - - [28/Sep/2025:17:15:16 +0000] \"GET /health HTTP/1.1\" 200 74 \"-\" \"HTTPie\"","service":"acquisitions-api","timestamp":"2025-09-28T17:15:16.458Z"}
{"level":"info","message":"::1 - - [28/Sep/2025:17:15:17 +0000] \"GET /health HTTP/1.1\" 200 74 \"-\" \"HTTPie\"","service":"acquisitions-api","timestamp":"2025-09-28T17:15:17.144Z"}
{"level":"info","message":"::1 - - [28/Sep/2025:17:15:17 +0000] \"GET /health HTTP/1.1\" 200 73 \"-\" \"HTTPie\"","service":"acquisitions-api","timestamp":"2025-09-28T17:15:17.778Z"}
{"ip":"::1","level":"warn","message":"Rate limit exceeded","path":"/health","service":"acquisitions-api","timestamp":"2025-09-28T17:15:18.630Z","userAgent":"HTTPie"}
{"level":"info","message":"::1 - - [28/Sep/2025:17:15:18 +0000] \"GET /health HTTP/1.1\" 200 51 \"-\" \"HTTPie\"","service":"acquisitions-api","timestamp":"2025-09-28T17:15:18.634Z"}
